2026-04-25 15:21:55,235 - Bounce Bottom
2026-04-25 15:21:55,424 - Bounce Top
2026-04-25 15:21:55,737 - Bounce Top
2026-04-25 15:21:55,853 - Bounce Left
2026-04-25 15:21:56,236 - Bounce Right
2026-04-25 15:21:56,238 - Bounce Left
2026-04-25 15:21:56,352 - Bounce Bottom
2026-04-25 15:21:56,368 - Bounce Top
2026-04-25 15:21:56,565 - Bounce Left
2026-04-25 15:21:56,632 - Bounce Left
2026-04-25 15:21:56,664 - Bounce Top
2026-04-25 15:21:56,860 - Bounce Left
2026-04-25 15:21:56,860 - Bounce Top
2026-04-25 15:21:56,861 - Bounce Left
2026-04-25 15:21:56,894 - Bounce Left
2026-04-25 15:21:57,009 - Bounce Top
2026-04-25 15:21:57,026 - Bounce Left
2026-04-25 15:21:57,059 - Bounce Left
2026-04-25 15:21:57,123 - Bounce Top
2026-04-25 15:21:57,141 - Bounce Left
2026-04-25 15:21:57,158 - Bounce Left
2026-04-25 15:21:57,159 - Bounce Left
2026-04-25 15:21:57,175 - Bounce Left
2026-04-25 15:21:57,176 - Bounce Left
2026-04-25 15:21:57,191 - Bounce Left
2026-04-25 15:21:57,192 - Bounce Left
2026-04-25 15:21:57,193 - Bounce Left
2026-04-25 15:21:57,206 - Bounce Top
2026-04-25 15:21:57,208 - Bounce Left
2026-04-25 15:21:57,209 - Bounce Left
2026-04-25 15:21:57,223 - Bounce Top
2026-04-25 15:21:57,224 - Bounce Left
2026-04-25 15:21:57,225 - Bounce Left
2026-04-25 15:21:57,239 - Bounce Top
2026-04-25 15:21:57,241 - Bounce Left
2026-04-25 15:21:57,242 - Bounce Left
2026-04-25 15:21:57,256 - Bounce Top
2026-04-25 15:21:57,257 - Bounce Left
2026-04-25 15:21:57,258 - Bounce Left
2026-04-25 15:21:57,272 - Bounce Top
2026-04-25 15:21:57,274 - Bounce Left
2026-04-25 15:21:57,274 - Bounce Left
2026-04-25 15:21:57,289 - Bounce Top
2026-04-25 15:21:57,290 - Bounce Left
2026-04-25 15:21:57,290 - Bounce Left
2026-04-25 15:21:57,304 - Bounce Top
2026-04-25 15:21:57,306 - Bounce Left
2026-04-25 15:21:57,306 - Bounce Left
2026-04-25 15:21:57,320 - Bounce Top
2026-04-25 15:21:57,322 - Bounce Left
2026-04-25 15:21:57,322 - Bounce Left
2026-04-25 15:21:57,337 - Bounce Top
2026-04-25 15:21:57,338 - Bounce Left
2026-04-25 15:21:57,339 - Bounce Left
2026-04-25 15:21:57,354 - Bounce Top
2026-04-25 15:21:57,355 - Bounce Left
2026-04-25 15:21:57,356 - Bounce Left
2026-04-25 15:21:57,370 - Bounce Top
2026-04-25 15:21:57,372 - Bounce Left
2026-04-25 15:21:57,372 - Bounce Left
2026-04-25 15:21:57,386 - Bounce Top
2026-04-25 15:21:57,388 - Bounce Left
2026-04-25 15:21:57,389 - Bounce Left
2026-04-25 15:21:57,403 - Bounce Top
2026-04-25 15:21:57,404 - Bounce Left
2026-04-25 15:21:57,405 - Bounce Left
2026-04-25 15:21:57,420 - Bounce Top
2026-04-25 15:21:57,421 - Bounce Left
2026-04-25 15:21:57,422 - Bounce Left
2026-04-25 15:21:57,438 - Bounce Top
2026-04-25 15:21:57,439 - Bounce Left
2026-04-25 15:21:57,440 - Bounce Left
2026-04-25 15:21:57,455 - Bounce Top
2026-04-25 15:21:57,457 - Bounce Left
2026-04-25 15:21:57,457 - Bounce Left
2026-04-25 15:21:57,470 - Bounce Top
2026-04-25 15:21:57,472 - Bounce Top
2026-04-25 15:21:57,473 - Bounce Left
2026-04-25 15:21:57,473 - Bounce Left
2026-04-25 15:21:57,488 - Bounce Top
2026-04-25 15:21:57,489 - Bounce Left
2026-04-25 15:21:57,489 - Bounce Left
2026-04-25 15:21:57,503 - Bounce Top
2026-04-25 15:21:57,504 - Bounce Left
2026-04-25 15:21:57,505 - Bounce Left
2026-04-25 15:21:57,520 - Bounce Top
2026-04-25 15:21:57,521 - Bounce Left
2026-04-25 15:21:57,521 - Bounce Left
2026-04-25 15:21:57,522 - Bounce Left
2026-04-25 15:21:57,537 - Bounce Top
2026-04-25 15:21:57,537 - Bounce Left
2026-04-25 15:21:57,537 - Bounce Left
2026-04-25 15:21:57,538 - Bounce Left
2026-04-25 15:21:57,554 - Bounce Bottom
2026-04-25 15:21:57,554 - Bounce Top
2026-04-25 15:21:57,555 - Bounce Left
2026-04-25 15:21:57,555 - Bounce Left
2026-04-25 15:21:57,556 - Bounce Left
2026-04-25 15:21:57,571 - Bounce Top
2026-04-25 15:21:57,572 - Bounce Left
2026-04-25 15:21:57,572 - Bounce Left
2026-04-25 15:21:57,573 - Bounce Left
2026-04-25 15:21:57,588 - Bounce Top
2026-04-25 15:21:57,589 - Bounce Left
2026-04-25 15:21:57,589 - Bounce Left
2026-04-25 15:21:57,590 - Bounce Left
2026-04-25 15:21:57,605 - Bounce Left
2026-04-25 15:21:57,605 - Bounce Top
2026-04-25 15:21:57,606 - Bounce Left
2026-04-25 15:21:57,607 - Bounce Left
2026-04-25 15:21:57,608 - Bounce Left
2026-04-25 15:21:57,622 - Bounce Top
2026-04-25 15:21:57,624 - Bounce Left
2026-04-25 15:21:57,624 - Bounce Left
2026-04-25 15:21:57,625 - Bounce Left
2026-04-25 15:21:57,639 - Bounce Top
2026-04-25 15:21:57,640 - Bounce Left
2026-04-25 15:21:57,641 - Bounce Left
2026-04-25 15:21:57,641 - Bounce Left
2026-04-25 15:21:57,656 - Bounce Top
2026-04-25 15:21:57,657 - Bounce Left
2026-04-25 15:21:57,658 - Bounce Left
2026-04-25 15:21:57,659 - Bounce Left
2026-04-25 15:21:57,673 - Bounce Top
2026-04-25 15:21:57,674 - Bounce Left
2026-04-25 15:21:57,674 - Bounce Left
2026-04-25 15:21:57,675 - Bounce Left
2026-04-25 15:21:57,688 - Bounce Top
2026-04-25 15:21:57,690 - Bounce Left
2026-04-25 15:21:57,690 - Bounce Left
2026-04-25 15:21:57,690 - Bounce Left
2026-04-25 15:21:57,705 - Bounce Top
2026-04-25 15:21:57,706 - Bounce Left
2026-04-25 15:21:57,707 - Bounce Left
2026-04-25 15:21:57,708 - Bounce Left
2026-04-25 15:21:57,722 - Bounce Top
2026-04-25 15:21:57,723 - Bounce Left
2026-04-25 15:21:57,724 - Bounce Left
2026-04-25 15:21:57,724 - Bounce Left
2026-04-25 15:21:57,742 - Bounce Top
2026-04-25 15:21:57,743 - Bounce Left
2026-04-25 15:21:57,743 - Bounce Left
2026-04-25 15:21:57,744 - Bounce Left
2026-04-25 15:21:57,760 - Bounce Top
2026-04-25 15:21:57,762 - Bounce Left
2026-04-25 15:21:57,762 - Bounce Left
2026-04-25 15:21:57,762 - Bounce Top
2026-04-25 15:21:57,763 - Bounce Left
2026-04-25 15:21:57,777 - Bounce Top
2026-04-25 15:21:57,778 - Bounce Left
2026-04-25 15:21:57,779 - Bounce Left
2026-04-25 15:21:57,779 - Bounce Left
2026-04-25 15:21:57,794 - Bounce Left
2026-04-25 15:21:57,794 - Bounce Top
2026-04-25 15:21:57,795 - Bounce Left
2026-04-25 15:21:57,795 - Bounce Left
2026-04-25 15:21:57,796 - Bounce Left
2026-04-25 15:21:57,812 - Bounce Right
2026-04-25 15:21:57,813 - Bounce Top
2026-04-25 15:21:57,814 - Bounce Left
2026-04-25 15:21:57,814 - Bounce Left
2026-04-25 15:21:57,814 - Bounce Left
2026-04-25 15:21:57,828 - Bounce Left
2026-04-25 15:21:57,829 - Bounce Top
2026-04-25 15:21:57,830 - Bounce Left
2026-04-25 15:21:57,830 - Bounce Left
2026-04-25 15:21:57,831 - Bounce Left
2026-04-25 15:21:57,845 - Bounce Top
2026-04-25 15:21:57,846 - Bounce Left
2026-04-25 15:21:57,846 - Bounce Left
2026-04-25 15:21:57,847 - Bounce Left
2026-04-25 15:21:57,862 - Bounce Top
2026-04-25 15:21:57,863 - Bounce Left
2026-04-25 15:21:57,863 - Bounce Left
2026-04-25 15:21:57,864 - Bounce Top
2026-04-25 15:21:57,864 - Bounce Left
2026-04-25 15:21:57,879 - Bounce Top
2026-04-25 15:21:57,880 - Bounce Left
2026-04-25 15:21:57,881 - Bounce Left
2026-04-25 15:21:57,881 - Bounce Left
2026-04-25 15:21:57,896 - Bounce Left
2026-04-25 15:21:57,896 - Bounce Top
2026-04-25 15:21:57,897 - Bounce Left
2026-04-25 15:21:57,897 - Bounce Left
2026-04-25 15:21:57,898 - Bounce Left
2026-04-25 15:21:57,913 - Bounce Left
2026-04-25 15:21:57,914 - Bounce Top
2026-04-25 15:21:57,915 - Bounce Left
2026-04-25 15:21:57,915 - Bounce Left
2026-04-25 15:21:57,916 - Bounce Left
2026-04-25 15:21:57,929 - Bounce Top
2026-04-25 15:21:57,930 - Bounce Left
2026-04-25 15:21:57,930 - Bounce Top
2026-04-25 15:21:57,931 - Bounce Left
2026-04-25 15:21:57,932 - Bounce Left
2026-04-25 15:21:57,932 - Bounce Top
2026-04-25 15:21:57,932 - Bounce Left
2026-04-25 15:21:57,947 - Bounce Left
2026-04-25 15:21:57,947 - Bounce Top
2026-04-25 15:21:57,949 - Bounce Left
2026-04-25 15:21:57,949 - Bounce Left
2026-04-25 15:21:57,949 - Bounce Top
2026-04-25 15:21:57,950 - Bounce Left
2026-04-25 15:21:57,964 - Bounce Left
2026-04-25 15:21:57,965 - Bounce Top
2026-04-25 15:21:57,966 - Bounce Left
2026-04-25 15:21:57,966 - Bounce Left
2026-04-25 15:21:57,966 - Bounce Top
2026-04-25 15:21:57,967 - Bounce Left
2026-04-25 15:21:57,982 - Bounce Left
2026-04-25 15:21:57,982 - Bounce Top
2026-04-25 15:21:57,983 - Bounce Left
2026-04-25 15:21:57,983 - Bounce Top
2026-04-25 15:21:57,984 - Bounce Left
2026-04-25 15:21:57,984 - Bounce Top
2026-04-25 15:21:57,984 - Bounce Left
2026-04-25 15:21:57,985 - Bounce Top
2026-04-25 15:21:57,998 - Bounce Left
2026-04-25 15:21:57,998 - Bounce Top
2026-04-25 15:21:57,999 - Bounce Left
2026-04-25 15:21:58,000 - Bounce Left
2026-04-25 15:21:58,000 - Bounce Top
2026-04-25 15:21:58,000 - Bounce Left
2026-04-25 15:21:58,014 - Bounce Left
2026-04-25 15:21:58,014 - Bounce Top
2026-04-25 15:21:58,015 - Bounce Left
2026-04-25 15:21:58,016 - Bounce Left
2026-04-25 15:21:58,016 - Bounce Top
2026-04-25 15:21:58,016 - Bounce Left
2026-04-25 15:21:58,030 - Bounce Left
2026-04-25 15:21:58,031 - Bounce Left
2026-04-25 15:21:58,031 - Bounce Top
2026-04-25 15:21:58,032 - Bounce Left
2026-04-25 15:21:58,033 - Bounce Left
2026-04-25 15:21:58,033 - Bounce Top
2026-04-25 15:21:58,033 - Bounce Left
2026-04-25 15:21:58,045 - Bounce Left
2026-04-25 15:21:58,046 - Bounce Left
2026-04-25 15:21:58,047 - Bounce Top
2026-04-25 15:21:58,048 - Bounce Left
2026-04-25 15:21:58,049 - Bounce Left
2026-04-25 15:21:58,049 - Bounce Top
2026-04-25 15:21:58,049 - Bounce Left
2026-04-25 15:21:58,062 - Bounce Left
2026-04-25 15:21:58,063 - Bounce Bottom
2026-04-25 15:21:58,064 - Bounce Left
2026-04-25 15:21:58,064 - Bounce Top
2026-04-25 15:21:58,065 - Bounce Left
2026-04-25 15:21:58,065 - Bounce Left
2026-04-25 15:21:58,066 - Bounce Top
2026-04-25 15:21:58,066 - Bounce Left
2026-04-25 15:21:58,079 - Bounce Left
2026-04-25 15:21:58,081 - Bounce Left
2026-04-25 15:21:58,081 - Bounce Top
2026-04-25 15:21:58,082 - Bounce Left
2026-04-25 15:21:58,082 - Bounce Left
2026-04-25 15:21:58,082 - Bounce Top
2026-04-25 15:21:58,083 - Bounce Left
2026-04-25 15:21:58,083 - Bounce Bottom
2026-04-25 15:21:58,097 - Bounce Left
2026-04-25 15:21:58,098 - Bounce Left
2026-04-25 15:21:58,098 - Bounce Top
2026-04-25 15:21:58,099 - Bounce Left
2026-04-25 15:21:58,099 - Bounce Left
2026-04-25 15:21:58,100 - Bounce Top
2026-04-25 15:21:58,100 - Bounce Left
2026-04-25 15:21:58,113 - Bounce Left
2026-04-25 15:21:58,114 - Bounce Left
2026-04-25 15:21:58,114 - Bounce Top
2026-04-25 15:21:58,115 - Bounce Left
2026-04-25 15:21:58,115 - Bounce Top
2026-04-25 15:21:58,116 - Bounce Left
2026-04-25 15:21:58,116 - Bounce Top
2026-04-25 15:21:58,116 - Bounce Left
2026-04-25 15:21:58,130 - Bounce Left
2026-04-25 15:21:58,131 - Bounce Left
2026-04-25 15:21:58,131 - Bounce Top
2026-04-25 15:21:58,132 - Bounce Left
2026-04-25 15:21:58,133 - Bounce Left
2026-04-25 15:21:58,133 - Bounce Top
2026-04-25 15:21:58,133 - Bounce Left
2026-04-25 15:21:58,148 - Bounce Left
2026-04-25 15:21:58,149 - Bounce Left
2026-04-25 15:21:58,150 - Bounce Top
2026-04-25 15:21:58,151 - Bounce Left
2026-04-25 15:21:58,151 - Bounce Left
2026-04-25 15:21:58,151 - Bounce Top
2026-04-25 15:21:58,152 - Bounce Left
2026-04-25 15:21:58,165 - Bounce Left
2026-04-25 15:21:58,167 - Bounce Left
2026-04-25 15:21:58,167 - Bounce Top
2026-04-25 15:21:58,168 - Bounce Left
2026-04-25 15:21:58,169 - Bounce Left
2026-04-25 15:21:58,169 - Bounce Top
2026-04-25 15:21:58,170 - Bounce Left
2026-04-25 15:21:58,182 - Bounce Left
2026-04-25 15:21:58,183 - Bounce Left
2026-04-25 15:21:58,183 - Bounce Top
2026-04-25 15:21:58,184 - Bounce Left
2026-04-25 15:21:58,184 - Bounce Left
2026-04-25 15:21:58,184 - Bounce Top
2026-04-25 15:21:58,185 - Bounce Left
2026-04-25 15:21:58,199 - Bounce Left
2026-04-25 15:21:58,200 - Bounce Left
2026-04-25 15:21:58,201 - Bounce Top
2026-04-25 15:21:58,202 - Bounce Left
2026-04-25 15:21:58,202 - Bounce Left
2026-04-25 15:21:58,202 - Bounce Top
2026-04-25 15:21:58,202 - Bounce Left
2026-04-25 15:21:58,216 - Bounce Left
2026-04-25 15:21:58,217 - Bounce Left
2026-04-25 15:21:58,217 - Bounce Top
2026-04-25 15:21:58,218 - Bounce Left
2026-04-25 15:21:58,218 - Bounce Top
2026-04-25 15:21:58,218 - Bounce Left
2026-04-25 15:21:58,219 - Bounce Top
2026-04-25 15:21:58,219 - Bounce Left
2026-04-25 15:21:58,232 - Bounce Left
2026-04-25 15:21:58,233 - Bounce Left
2026-04-25 15:21:58,233 - Bounce Top
2026-04-25 15:21:58,234 - Bounce Left
2026-04-25 15:21:58,234 - Bounce Top
2026-04-25 15:21:58,235 - Bounce Left
2026-04-25 15:21:58,235 - Bounce Top
2026-04-25 15:21:58,235 - Bounce Left
2026-04-25 15:21:58,248 - Bounce Left
2026-04-25 15:21:58,249 - Bounce Left
2026-04-25 15:21:58,250 - Bounce Top
2026-04-25 15:21:58,251 - Bounce Left
2026-04-25 15:21:58,251 - Bounce Top
2026-04-25 15:21:58,251 - Bounce Left
2026-04-25 15:21:58,251 - Bounce Top
2026-04-25 15:21:58,252 - Bounce Left
2026-04-25 15:21:58,264 - Bounce Left
2026-04-25 15:21:58,266 - Bounce Left
2026-04-25 15:21:58,266 - Bounce Top
2026-04-25 15:21:58,267 - Bounce Left
2026-04-25 15:21:58,267 - Bounce Top
2026-04-25 15:21:58,267 - Bounce Left
2026-04-25 15:21:58,267 - Bounce Top
2026-04-25 15:21:58,268 - Bounce Left
2026-04-25 15:21:58,281 - Bounce Left
2026-04-25 15:21:58,282 - Bounce Left
2026-04-25 15:21:58,283 - Bounce Top
2026-04-25 15:21:58,284 - Bounce Left
2026-04-25 15:21:58,284 - Bounce Top
2026-04-25 15:21:58,284 - Bounce Left
2026-04-25 15:21:58,284 - Bounce Top
2026-04-25 15:21:58,285 - Bounce Left
2026-04-25 15:21:58,299 - Bounce Left
2026-04-25 15:21:58,301 - Bounce Left
2026-04-25 15:21:58,301 - Bounce Top
2026-04-25 15:21:58,302 - Bounce Left
2026-04-25 15:21:58,302 - Bounce Top
2026-04-25 15:21:58,302 - Bounce Left
2026-04-25 15:21:58,302 - Bounce Top
2026-04-25 15:21:58,303 - Bounce Left
2026-04-25 15:21:58,316 - Bounce Left
2026-04-25 15:21:58,317 - Bounce Left
2026-04-25 15:21:58,317 - Bounce Top
2026-04-25 15:21:58,318 - Bounce Left
2026-04-25 15:21:58,319 - Bounce Top
2026-04-25 15:21:58,319 - Bounce Left
2026-04-25 15:21:58,319 - Bounce Top
2026-04-25 15:21:58,319 - Bounce Left
2026-04-25 15:21:58,331 - Bounce Left
2026-04-25 15:21:58,333 - Bounce Left
2026-04-25 15:21:58,333 - Bounce Top
2026-04-25 15:21:58,334 - Bounce Left
2026-04-25 15:21:58,334 - Bounce Top
2026-04-25 15:21:58,334 - Bounce Left
2026-04-25 15:21:58,334 - Bounce Top
2026-04-25 15:21:58,335 - Bounce Left
2026-04-25 15:21:58,348 - Bounce Left
2026-04-25 15:21:58,350 - Bounce Bottom
2026-04-25 15:21:58,350 - Bounce Left
2026-04-25 15:21:58,350 - Bounce Top
2026-04-25 15:21:58,351 - Bounce Left
2026-04-25 15:21:58,351 - Bounce Top
2026-04-25 15:21:58,352 - Bounce Left
2026-04-25 15:21:58,352 - Bounce Top
2026-04-25 15:21:58,352 - Bounce Left
2026-04-25 15:21:58,364 - Bounce Left
2026-04-25 15:21:58,365 - Bounce Left
2026-04-25 15:21:58,365 - Bounce Top
2026-04-25 15:21:58,366 - Bounce Left
2026-04-25 15:21:58,366 - Bounce Top
2026-04-25 15:21:58,367 - Bounce Left
2026-04-25 15:21:58,367 - Bounce Top
2026-04-25 15:21:58,367 - Bounce Left
2026-04-25 15:21:58,368 - Bounce Top
2026-04-25 15:21:58,380 - Bounce Left
2026-04-25 15:21:58,382 - Bounce Left
2026-04-25 15:21:58,382 - Bounce Top
2026-04-25 15:21:58,383 - Bounce Left
2026-04-25 15:21:58,383 - Bounce Top
2026-04-25 15:21:58,383 - Bounce Left
2026-04-25 15:21:58,383 - Bounce Top
2026-04-25 15:21:58,384 - Bounce Left
2026-04-25 15:21:58,397 - Bounce Left
2026-04-25 15:21:58,399 - Bounce Left
2026-04-25 15:21:58,399 - Bounce Top
2026-04-25 15:21:58,400 - Bounce Left
2026-04-25 15:21:58,400 - Bounce Top
2026-04-25 15:21:58,400 - Bounce Left
2026-04-25 15:21:58,401 - Bounce Top
2026-04-25 15:21:58,401 - Bounce Left
2026-04-25 15:21:58,413 - Bounce Left
2026-04-25 15:21:58,414 - Bounce Left
2026-04-25 15:21:58,414 - Bounce Top
2026-04-25 15:21:58,416 - Bounce Left
2026-04-25 15:21:58,416 - Bounce Top
2026-04-25 15:21:58,416 - Bounce Left
2026-04-25 15:21:58,416 - Bounce Top
2026-04-25 15:21:58,417 - Bounce Left
2026-04-25 15:21:58,430 - Bounce Left
2026-04-25 15:21:58,431 - Bounce Left
2026-04-25 15:21:58,431 - Bounce Top
2026-04-25 15:21:58,432 - Bounce Left
2026-04-25 15:21:58,433 - Bounce Top
2026-04-25 15:21:58,433 - Bounce Left
2026-04-25 15:21:58,433 - Bounce Top
2026-04-25 15:21:58,434 - Bounce Left
2026-04-25 15:21:58,447 - Bounce Left
2026-04-25 15:21:58,449 - Bounce Left
2026-04-25 15:21:58,449 - Bounce Top
2026-04-25 15:21:58,450 - Bounce Left
2026-04-25 15:21:58,451 - Bounce Top
2026-04-25 15:21:58,451 - Bounce Left
2026-04-25 15:21:58,451 - Bounce Top
2026-04-25 15:21:58,452 - Bounce Left
2026-04-25 15:21:58,463 - Bounce Left
2026-04-25 15:21:58,464 - Bounce Left
2026-04-25 15:21:58,464 - Bounce Top
2026-04-25 15:21:58,465 - Bounce Left
2026-04-25 15:21:58,466 - Bounce Top
2026-04-25 15:21:58,466 - Bounce Left
2026-04-25 15:21:58,466 - Bounce Top
2026-04-25 15:21:58,467 - Bounce Left
2026-04-25 15:21:58,479 - Bounce Left
2026-04-25 15:21:58,505 - Bounce Left
2026-04-25 15:21:58,505 - Bounce Top
2026-04-25 15:21:58,506 - Bounce Left
2026-04-25 15:21:58,506 - Bounce Top
2026-04-25 15:21:58,507 - Bounce Left
2026-04-25 15:21:58,507 - Bounce Top
2026-04-25 15:21:58,507 - Bounce Left
2026-04-25 15:21:58,509 - Bounce Left
2026-04-25 15:21:58,510 - Bounce Left
2026-04-25 15:21:58,510 - Bounce Top
2026-04-25 15:21:58,511 - Bounce Left
2026-04-25 15:21:58,511 - Bounce Top
2026-04-25 15:21:58,512 - Bounce Left
2026-04-25 15:21:58,512 - Bounce Top
2026-04-25 15:21:58,512 - Bounce Left
2026-04-25 15:21:58,527 - Bounce Left
2026-04-25 15:21:58,529 - Bounce Top
2026-04-25 15:21:58,529 - Bounce Left
2026-04-25 15:21:58,530 - Bounce Top
2026-04-25 15:21:58,530 - Bounce Left
2026-04-25 15:21:58,530 - Bounce Top
2026-04-25 15:21:58,531 - Bounce Left
2026-04-25 15:21:58,545 - Bounce Left
2026-04-25 15:21:58,546 - Bounce Top
2026-04-25 15:21:58,547 - Bounce Left
2026-04-25 15:21:58,547 - Bounce Top
2026-04-25 15:21:58,547 - Bounce Left
2026-04-25 15:21:58,547 - Bounce Top
2026-04-25 15:21:58,548 - Bounce Left
2026-04-25 15:21:58,548 - Bounce Bottom
2026-04-25 15:21:58,561 - Bounce Left
2026-04-25 15:21:58,562 - Bounce Right
2026-04-25 15:21:58,563 - Bounce Bottom
2026-04-25 15:21:58,563 - Bounce Top
2026-04-25 15:21:58,564 - Bounce Left
2026-04-25 15:21:58,564 - Bounce Top
2026-04-25 15:21:58,565 - Bounce Left
2026-04-25 15:21:58,565 - Bounce Top
2026-04-25 15:21:58,565 - Bounce Left
2026-04-25 15:21:58,578 - Bounce Left
2026-04-25 15:21:58,579 - Bounce Top
2026-04-25 15:21:58,580 - Bounce Left
2026-04-25 15:21:58,581 - Bounce Top
2026-04-25 15:21:58,581 - Bounce Left
2026-04-25 15:21:58,581 - Bounce Top
2026-04-25 15:21:58,581 - Bounce Left
2026-04-25 15:21:58,594 - Bounce Left
2026-04-25 15:21:58,596 - Bounce Left
2026-04-25 15:21:58,596 - Bounce Top
2026-04-25 15:21:58,597 - Bounce Left
2026-04-25 15:21:58,597 - Bounce Top
2026-04-25 15:21:58,597 - Bounce Left
2026-04-25 15:21:58,597 - Bounce Top
2026-04-25 15:21:58,598 - Bounce Left
2026-04-25 15:21:58,612 - Bounce Left
2026-04-25 15:21:58,613 - Bounce Left
2026-04-25 15:21:58,614 - Bounce Top
2026-04-25 15:21:58,615 - Bounce Left
2026-04-25 15:21:58,615 - Bounce Top
2026-04-25 15:21:58,615 - Bounce Left
2026-04-25 15:21:58,616 - Bounce Top
2026-04-25 15:21:58,616 - Bounce Left
2026-04-25 15:21:58,628 - Bounce Left
2026-04-25 15:21:58,629 - Bounce Left
2026-04-25 15:21:58,629 - Bounce Top
2026-04-25 15:21:58,630 - Bounce Top
2026-04-25 15:21:58,630 - Bounce Left
2026-04-25 15:21:58,631 - Bounce Top
2026-04-25 15:21:58,631 - Bounce Left
2026-04-25 15:21:58,631 - Bounce Top
2026-04-25 15:21:58,632 - Bounce Left
2026-04-25 15:21:58,644 - Bounce Left
2026-04-25 15:21:58,645 - Bounce Top
2026-04-25 15:21:58,645 - Bounce Left
2026-04-25 15:21:58,645 - Bounce Top
2026-04-25 15:21:58,646 - Bounce Left
2026-04-25 15:21:58,647 - Bounce Top
2026-04-25 15:21:58,647 - Bounce Left
2026-04-25 15:21:58,647 - Bounce Top
2026-04-25 15:21:58,648 - Bounce Left
2026-04-25 15:21:58,661 - Bounce Left
2026-04-25 15:21:58,662 - Bounce Right
2026-04-25 15:21:58,663 - Bounce Left
2026-04-25 15:21:58,663 - Bounce Top
2026-04-25 15:21:58,664 - Bounce Left
2026-04-25 15:21:58,664 - Bounce Top
2026-04-25 15:21:58,664 - Bounce Left
2026-04-25 15:21:58,664 - Bounce Top
2026-04-25 15:21:58,665 - Bounce Left
2026-04-25 15:21:58,679 - Bounce Left
2026-04-25 15:21:58,680 - Bounce Left
2026-04-25 15:21:58,680 - Bounce Top
2026-04-25 15:21:58,681 - Bounce Left
2026-04-25 15:21:58,682 - Bounce Top
2026-04-25 15:21:58,682 - Bounce Left
2026-04-25 15:21:58,682 - Bounce Top
2026-04-25 15:21:58,683 - Bounce Left
2026-04-25 15:21:58,695 - Bounce Left
2026-04-25 15:21:58,696 - Bounce Left
2026-04-25 15:21:58,696 - Bounce Top
2026-04-25 15:21:58,697 - Bounce Left
2026-04-25 15:21:58,697 - Bounce Top
2026-04-25 15:21:58,698 - Bounce Left
2026-04-25 15:21:58,698 - Bounce Top
2026-04-25 15:21:58,699 - Bounce Left
2026-04-25 15:21:58,712 - Bounce Left
2026-04-25 15:21:58,713 - Bounce Bottom
2026-04-25 15:21:58,713 - Bounce Left
2026-04-25 15:21:58,714 - Bounce Top
2026-04-25 15:21:58,715 - Bounce Left
2026-04-25 15:21:58,715 - Bounce Top
2026-04-25 15:21:58,715 - Bounce Left
2026-04-25 15:21:58,716 - Bounce Top
2026-04-25 15:21:58,716 - Bounce Left
2026-04-25 15:21:58,729 - Bounce Left
2026-04-25 15:21:58,730 - Bounce Bottom
2026-04-25 15:21:58,730 - Bounce Left
2026-04-25 15:21:58,730 - Bounce Top
2026-04-25 15:21:58,731 - Bounce Left
2026-04-25 15:21:58,731 - Bounce Top
2026-04-25 15:21:58,732 - Bounce Left
2026-04-25 15:21:58,732 - Bounce Top
2026-04-25 15:21:58,732 - Bounce Left
2026-04-25 15:21:58,744 - Bounce Left
2026-04-25 15:21:58,745 - Bounce Bottom
2026-04-25 15:21:58,746 - Bounce Left
2026-04-25 15:21:58,746 - Bounce Top
2026-04-25 15:21:58,747 - Bounce Left
2026-04-25 15:21:58,747 - Bounce Top
2026-04-25 15:21:58,747 - Bounce Left
2026-04-25 15:21:58,747 - Bounce Top
2026-04-25 15:21:58,748 - Bounce Left
2026-04-25 15:21:58,761 - Bounce Left
2026-04-25 15:21:58,762 - Bounce Bottom
2026-04-25 15:21:58,763 - Bounce Left
2026-04-25 15:21:58,763 - Bounce Top
2026-04-25 15:21:58,764 - Bounce Left
2026-04-25 15:21:58,764 - Bounce Top
2026-04-25 15:21:58,765 - Bounce Left
2026-04-25 15:21:58,765 - Bounce Left
2026-04-25 15:21:58,778 - Bounce Left
2026-04-25 15:21:58,780 - Bounce Bottom
2026-04-25 15:21:58,780 - Bounce Left
2026-04-25 15:21:58,780 - Bounce Top
2026-04-25 15:21:58,781 - Bounce Left
2026-04-25 15:21:58,782 - Bounce Top
2026-04-25 15:21:58,782 - Bounce Left
2026-04-25 15:21:58,782 - Bounce Left
2026-04-25 15:21:58,795 - Bounce Left
2026-04-25 15:21:58,796 - Bounce Bottom
2026-04-25 15:21:58,797 - Bounce Left
2026-04-25 15:21:58,797 - Bounce Top
2026-04-25 15:21:58,799 - Bounce Left
2026-04-25 15:21:58,799 - Bounce Top
2026-04-25 15:21:58,800 - Bounce Left
2026-04-25 15:21:58,800 - Bounce Left
2026-04-25 15:21:58,811 - Bounce Left
2026-04-25 15:21:58,811 - Bounce Bottom
2026-04-25 15:21:58,812 - Bounce Left
2026-04-25 15:21:58,812 - Bounce Top
2026-04-25 15:21:58,813 - Bounce Left
2026-04-25 15:21:58,813 - Bounce Top
2026-04-25 15:21:58,813 - Bounce Left
2026-04-25 15:21:58,814 - Bounce Left
2026-04-25 15:21:58,827 - Bounce Left
2026-04-25 15:21:58,828 - Bounce Bottom
2026-04-25 15:21:58,828 - Bounce Left
2026-04-25 15:21:58,828 - Bounce Top
2026-04-25 15:21:58,829 - Bounce Left
2026-04-25 15:21:58,829 - Bounce Top
2026-04-25 15:21:58,830 - Bounce Left
2026-04-25 15:21:58,830 - Bounce Top
2026-04-25 15:21:58,830 - Bounce Left
2026-04-25 15:21:58,843 - Bounce Left
2026-04-25 15:21:58,844 - Bounce Bottom
2026-04-25 15:21:58,845 - Bounce Left
2026-04-25 15:21:58,845 - Bounce Top
2026-04-25 15:21:58,846 - Bounce Left
2026-04-25 15:21:58,846 - Bounce Top
2026-04-25 15:21:58,846 - Bounce Left
2026-04-25 15:21:58,846 - Bounce Top
2026-04-25 15:21:58,847 - Bounce Left
2026-04-25 15:21:58,847 - Bounce Bottom
2026-04-25 15:21:58,848 - Bounce Top
2026-04-25 15:21:58,859 - Bounce Left
2026-04-25 15:21:58,860 - Bounce Top
2026-04-25 15:21:58,861 - Bounce Bottom
2026-04-25 15:21:58,861 - Bounce Left
2026-04-25 15:21:58,861 - Bounce Top
2026-04-25 15:21:58,862 - Bounce Left
2026-04-25 15:21:58,862 - Bounce Top
2026-04-25 15:21:58,862 - Bounce Left
2026-04-25 15:21:58,862 - Bounce Top
2026-04-25 15:21:58,863 - Bounce Left
2026-04-25 15:21:58,877 - Bounce Left
2026-04-25 15:21:58,878 - Bounce Bottom
2026-04-25 15:21:58,878 - Bounce Left
2026-04-25 15:21:58,878 - Bounce Top
2026-04-25 15:21:58,879 - Bounce Left
2026-04-25 15:21:58,879 - Bounce Top
2026-04-25 15:21:58,880 - Bounce Left
2026-04-25 15:21:58,880 - Bounce Top
2026-04-25 15:21:58,880 - Bounce Left
2026-04-25 15:21:58,893 - Bounce Left
2026-04-25 15:21:58,894 - Bounce Bottom
2026-04-25 15:21:58,895 - Bounce Left
2026-04-25 15:21:58,895 - Bounce Top
2026-04-25 15:21:58,896 - Bounce Left
2026-04-25 15:21:58,896 - Bounce Top
2026-04-25 15:21:58,896 - Bounce Left
2026-04-25 15:21:58,896 - Bounce Top
2026-04-25 15:21:58,897 - Bounce Left
2026-04-25 15:21:58,910 - Bounce Left
2026-04-25 15:21:58,911 - Bounce Bottom
2026-04-25 15:21:58,911 - Bounce Left
2026-04-25 15:21:58,912 - Bounce Top
2026-04-25 15:21:58,912 - Bounce Left
2026-04-25 15:21:58,913 - Bounce Top
2026-04-25 15:21:58,913 - Bounce Left
2026-04-25 15:21:58,913 - Bounce Top
2026-04-25 15:21:58,913 - Bounce Left
2026-04-25 15:21:58,927 - Bounce Left
2026-04-25 15:21:58,928 - Bounce Bottom
2026-04-25 15:21:58,928 - Bounce Left
2026-04-25 15:21:58,928 - Bounce Top
2026-04-25 15:21:58,929 - Bounce Left
2026-04-25 15:21:58,929 - Bounce Top
2026-04-25 15:21:58,930 - Bounce Left
2026-04-25 15:21:58,931 - Bounce Top
2026-04-25 15:21:58,931 - Bounce Left
2026-04-25 15:21:58,942 - Bounce Left
2026-04-25 15:21:58,943 - Bounce Bottom
2026-04-25 15:21:58,944 - Bounce Left
2026-04-25 15:21:58,944 - Bounce Top
2026-04-25 15:21:58,945 - Bounce Left
2026-04-25 15:21:58,945 - Bounce Top
2026-04-25 15:21:58,945 - Bounce Left
2026-04-25 15:21:58,945 - Bounce Top
2026-04-25 15:21:58,946 - Bounce Top
2026-04-25 15:21:58,946 - Bounce Left
2026-04-25 15:21:58,959 - Bounce Left
2026-04-25 15:21:58,960 - Bounce Bottom
2026-04-25 15:21:58,961 - Bounce Left
2026-04-25 15:21:58,961 - Bounce Top
2026-04-25 15:21:58,962 - Bounce Left
2026-04-25 15:21:58,962 - Bounce Top
2026-04-25 15:21:58,962 - Bounce Left
2026-04-25 15:21:58,962 - Bounce Top
2026-04-25 15:21:58,963 - Bounce Left
2026-04-25 15:21:58,977 - Bounce Left
2026-04-25 15:21:58,978 - Bounce Bottom
2026-04-25 15:21:58,979 - Bounce Left
2026-04-25 15:21:58,979 - Bounce Top
2026-04-25 15:21:58,980 - Bounce Left
2026-04-25 15:21:58,980 - Bounce Top
2026-04-25 15:21:58,980 - Bounce Left
2026-04-25 15:21:58,980 - Bounce Top
2026-04-25 15:21:58,981 - Bounce Left
2026-04-25 15:21:58,994 - Bounce Left
2026-04-25 15:21:58,995 - Bounce Top
2026-04-25 15:21:58,996 - Bounce Bottom
2026-04-25 15:21:58,996 - Bounce Left
2026-04-25 15:21:58,996 - Bounce Top
2026-04-25 15:21:58,997 - Bounce Left
2026-04-25 15:21:58,998 - Bounce Top
2026-04-25 15:21:58,998 - Bounce Left
2026-04-25 15:21:58,998 - Bounce Top
2026-04-25 15:21:58,999 - Bounce Left
2026-04-25 15:21:59,011 - Bounce Left
2026-04-25 15:21:59,012 - Bounce Top
2026-04-25 15:21:59,013 - Bounce Bottom
2026-04-25 15:21:59,013 - Bounce Left
2026-04-25 15:21:59,013 - Bounce Top
2026-04-25 15:21:59,014 - Bounce Left
2026-04-25 15:21:59,014 - Bounce Top
2026-04-25 15:21:59,015 - Bounce Left
2026-04-25 15:21:59,015 - Bounce Top
2026-04-25 15:21:59,015 - Bounce Left
2026-04-25 15:21:59,028 - Bounce Left
2026-04-25 15:21:59,029 - Bounce Top
2026-04-25 15:21:59,030 - Bounce Bottom
2026-04-25 15:21:59,030 - Bounce Left
2026-04-25 15:21:59,030 - Bounce Top
2026-04-25 15:21:59,031 - Bounce Left
2026-04-25 15:21:59,031 - Bounce Top
2026-04-25 15:21:59,032 - Bounce Left
2026-04-25 15:21:59,032 - Bounce Top
2026-04-25 15:21:59,032 - Bounce Left
2026-04-25 15:21:59,044 - Bounce Left
2026-04-25 15:21:59,045 - Bounce Top
2026-04-25 15:21:59,046 - Bounce Bottom
2026-04-25 15:21:59,046 - Bounce Left
2026-04-25 15:21:59,046 - Bounce Top
2026-04-25 15:21:59,047 - Bounce Left
2026-04-25 15:21:59,047 - Bounce Top
2026-04-25 15:21:59,048 - Bounce Left
2026-04-25 15:21:59,048 - Bounce Top
2026-04-25 15:21:59,049 - Bounce Left
2026-04-25 15:21:59,049 - Bounce Bottom
2026-04-25 15:21:59,060 - Bounce Left
2026-04-25 15:21:59,061 - Bounce Top
2026-04-25 15:21:59,061 - Bounce Bottom
2026-04-25 15:21:59,062 - Bounce Left
2026-04-25 15:21:59,062 - Bounce Top
2026-04-25 15:21:59,063 - Bounce Left
2026-04-25 15:21:59,063 - Bounce Top
2026-04-25 15:21:59,063 - Bounce Left
2026-04-25 15:21:59,063 - Bounce Top
2026-04-25 15:21:59,064 - Bounce Left
2026-04-25 15:21:59,077 - Bounce Left
2026-04-25 15:21:59,078 - Bounce Top
2026-04-25 15:21:59,079 - Bounce Bottom
2026-04-25 15:21:59,079 - Bounce Left
2026-04-25 15:21:59,079 - Bounce Top
2026-04-25 15:21:59,080 - Bounce Left
2026-04-25 15:21:59,081 - Bounce Top
2026-04-25 15:21:59,081 - Bounce Left
2026-04-25 15:21:59,081 - Bounce Top
2026-04-25 15:21:59,082 - Bounce Left
2026-04-25 15:21:59,082 - Bounce Top
2026-04-25 15:21:59,094 - Bounce Left
2026-04-25 15:21:59,095 - Bounce Top
2026-04-25 15:21:59,096 - Bounce Bottom
2026-04-25 15:21:59,096 - Bounce Left
2026-04-25 15:21:59,096 - Bounce Top
2026-04-25 15:21:59,097 - Bounce Left
2026-04-25 15:21:59,097 - Bounce Top
2026-04-25 15:21:59,097 - Bounce Left
2026-04-25 15:21:59,098 - Bounce Top
2026-04-25 15:21:59,098 - Bounce Left
2026-04-25 15:21:59,111 - Bounce Left
2026-04-25 15:21:59,112 - Bounce Top
2026-04-25 15:21:59,112 - Bounce Bottom
2026-04-25 15:21:59,113 - Bounce Left
2026-04-25 15:21:59,113 - Bounce Top
2026-04-25 15:21:59,114 - Bounce Left
2026-04-25 15:21:59,114 - Bounce Top
2026-04-25 15:21:59,114 - Bounce Left
2026-04-25 15:21:59,114 - Bounce Top
2026-04-25 15:21:59,115 - Bounce Left
2026-04-25 15:21:59,127 - Bounce Left
2026-04-25 15:21:59,128 - Bounce Top
2026-04-25 15:21:59,129 - Bounce Bottom
2026-04-25 15:21:59,129 - Bounce Left
2026-04-25 15:21:59,129 - Bounce Top
2026-04-25 15:21:59,130 - Bounce Left
2026-04-25 15:21:59,130 - Bounce Top
2026-04-25 15:21:59,130 - Bounce Left
2026-04-25 15:21:59,130 - Bounce Top
2026-04-25 15:21:59,131 - Bounce Left
2026-04-25 15:21:59,142 - Bounce Left
2026-04-25 15:21:59,143 - Bounce Top
2026-04-25 15:21:59,144 - Bounce Right
2026-04-25 15:21:59,144 - Bounce Bottom
2026-04-25 15:21:59,144 - Bounce Left
2026-04-25 15:21:59,144 - Bounce Top
2026-04-25 15:21:59,145 - Bounce Left
2026-04-25 15:21:59,145 - Bounce Top
2026-04-25 15:21:59,146 - Bounce Left
2026-04-25 15:21:59,146 - Bounce Top
2026-04-25 15:21:59,146 - Bounce Left
2026-04-25 15:21:59,159 - Bounce Left
2026-04-25 15:21:59,160 - Bounce Top
2026-04-25 15:21:59,160 - Bounce Right
2026-04-25 15:21:59,161 - Bounce Bottom
2026-04-25 15:21:59,161 - Bounce Left
2026-04-25 15:21:59,161 - Bounce Top
2026-04-25 15:21:59,162 - Bounce Left
2026-04-25 15:21:59,162 - Bounce Top
2026-04-25 15:21:59,163 - Bounce Left
2026-04-25 15:21:59,163 - Bounce Top
2026-04-25 15:21:59,163 - Bounce Left
2026-04-25 15:21:59,177 - Bounce Left
2026-04-25 15:21:59,177 - Bounce Top
2026-04-25 15:21:59,178 - Bounce Bottom
2026-04-25 15:21:59,178 - Bounce Left
2026-04-25 15:21:59,178 - Bounce Top
2026-04-25 15:21:59,179 - Bounce Left
2026-04-25 15:21:59,179 - Bounce Top
2026-04-25 15:21:59,180 - Bounce Left
2026-04-25 15:21:59,180 - Bounce Top
2026-04-25 15:21:59,180 - Bounce Left
2026-04-25 15:21:59,181 - Bounce Bottom
2026-04-25 15:21:59,192 - Bounce Left
2026-04-25 15:21:59,193 - Bounce Top
2026-04-25 15:21:59,194 - Bounce Bottom
2026-04-25 15:21:59,194 - Bounce Left
2026-04-25 15:21:59,194 - Bounce Top
2026-04-25 15:21:59,195 - Bounce Left
2026-04-25 15:21:59,195 - Bounce Top
2026-04-25 15:21:59,195 - Bounce Left
2026-04-25 15:21:59,195 - Bounce Top
2026-04-25 15:21:59,196 - Bounce Left
2026-04-25 15:21:59,196 - Bounce Bottom
2026-04-25 15:21:59,209 - Bounce Left
2026-04-25 15:21:59,209 - Bounce Top
2026-04-25 15:21:59,210 - Bounce Bottom
2026-04-25 15:21:59,210 - Bounce Left
2026-04-25 15:21:59,211 - Bounce Top
2026-04-25 15:21:59,211 - Bounce Left
2026-04-25 15:21:59,211 - Bounce Top
2026-04-25 15:21:59,212 - Bounce Left
2026-04-25 15:21:59,212 - Bounce Top
2026-04-25 15:21:59,212 - Bounce Top
2026-04-25 15:21:59,212 - Bounce Left
2026-04-25 15:21:59,213 - Bounce Bottom
2026-04-25 15:21:59,227 - Bounce Left
2026-04-25 15:21:59,228 - Bounce Top
2026-04-25 15:21:59,229 - Bounce Bottom
2026-04-25 15:21:59,229 - Bounce Left
2026-04-25 15:21:59,229 - Bounce Top
2026-04-25 15:21:59,230 - Bounce Left
2026-04-25 15:21:59,231 - Bounce Top
2026-04-25 15:21:59,231 - Bounce Left
2026-04-25 15:21:59,231 - Bounce Top
2026-04-25 15:21:59,232 - Bounce Left
2026-04-25 15:21:59,232 - Bounce Bottom
2026-04-25 15:21:59,232 - Bounce Top
2026-04-25 15:21:59,245 - Bounce Left
2026-04-25 15:21:59,246 - Bounce Bottom
2026-04-25 15:21:59,246 - Bounce Left
2026-04-25 15:21:59,246 - Bounce Top
2026-04-25 15:21:59,247 - Bounce Left
2026-04-25 15:21:59,247 - Bounce Top
2026-04-25 15:21:59,248 - Bounce Left
2026-04-25 15:21:59,248 - Bounce Top
2026-04-25 15:21:59,249 - Bounce Left
2026-04-25 15:21:59,249 - Bounce Bottom
2026-04-25 15:21:59,250 - Bounce Top
2026-04-25 15:21:59,260 - Bounce Left
2026-04-25 15:21:59,261 - Bounce Bottom
2026-04-25 15:21:59,262 - Bounce Left
2026-04-25 15:21:59,262 - Bounce Top
2026-04-25 15:21:59,263 - Bounce Left
2026-04-25 15:21:59,263 - Bounce Top
2026-04-25 15:21:59,263 - Bounce Left
2026-04-25 15:21:59,263 - Bounce Top
2026-04-25 15:21:59,264 - Bounce Left
2026-04-25 15:21:59,264 - Bounce Bottom
2026-04-25 15:21:59,265 - Bounce Top
2026-04-25 15:21:59,277 - Bounce Left
2026-04-25 15:21:59,278 - Bounce Bottom
2026-04-25 15:21:59,279 - Bounce Left
2026-04-25 15:21:59,279 - Bounce Top
2026-04-25 15:21:59,280 - Bounce Left
2026-04-25 15:21:59,280 - Bounce Top
2026-04-25 15:21:59,280 - Bounce Left
2026-04-25 15:21:59,280 - Bounce Top
2026-04-25 15:21:59,281 - Bounce Left
2026-04-25 15:21:59,281 - Bounce Bottom
2026-04-25 15:21:59,281 - Bounce Top
2026-04-25 15:21:59,295 - Bounce Left
2026-04-25 15:21:59,296 - Bounce Bottom
2026-04-25 15:21:59,296 - Bounce Left
2026-04-25 15:21:59,296 - Bounce Top
2026-04-25 15:21:59,297 - Bounce Left
2026-04-25 15:21:59,297 - Bounce Top
2026-04-25 15:21:59,298 - Bounce Left
2026-04-25 15:21:59,298 - Bounce Top
2026-04-25 15:21:59,298 - Bounce Left
2026-04-25 15:21:59,299 - Bounce Bottom
2026-04-25 15:21:59,300 - Bounce Top
2026-04-25 15:21:59,312 - Bounce Left
2026-04-25 15:21:59,313 - Bounce Bottom
2026-04-25 15:21:59,313 - Bounce Left
2026-04-25 15:21:59,313 - Bounce Top
2026-04-25 15:21:59,314 - Bounce Left
2026-04-25 15:21:59,314 - Bounce Top
2026-04-25 15:21:59,314 - Bounce Left
2026-04-25 15:21:59,314 - Bounce Top
2026-04-25 15:21:59,315 - Bounce Left
2026-04-25 15:21:59,315 - Bounce Bottom
2026-04-25 15:21:59,316 - Bounce Top
2026-04-25 15:21:59,327 - Bounce Left
2026-04-25 15:21:59,328 - Bounce Bottom
2026-04-25 15:21:59,329 - Bounce Left
2026-04-25 15:21:59,329 - Bounce Top
2026-04-25 15:21:59,330 - Bounce Left
2026-04-25 15:21:59,330 - Bounce Top
2026-04-25 15:21:59,330 - Bounce Left
2026-04-25 15:21:59,330 - Bounce Top
2026-04-25 15:21:59,331 - Bounce Left
2026-04-25 15:21:59,331 - Bounce Bottom
2026-04-25 15:21:59,332 - Bounce Top
2026-04-25 15:21:59,345 - Bounce Left
2026-04-25 15:21:59,345 - Bounce Top
2026-04-25 15:21:59,346 - Bounce Bottom
2026-04-25 15:21:59,346 - Bounce Left
2026-04-25 15:21:59,346 - Bounce Top
2026-04-25 15:21:59,347 - Bounce Left
2026-04-25 15:21:59,348 - Bounce Top
2026-04-25 15:21:59,348 - Bounce Left
2026-04-25 15:21:59,349 - Bounce Top
2026-04-25 15:21:59,349 - Bounce Top
2026-04-25 15:21:59,349 - Bounce Left
2026-04-25 15:21:59,350 - Bounce Bottom
2026-04-25 15:21:59,350 - Bounce Top
2026-04-25 15:21:59,361 - Bounce Left
2026-04-25 15:21:59,362 - Bounce Top
2026-04-25 15:21:59,363 - Bounce Bottom
2026-04-25 15:21:59,363 - Bounce Left
2026-04-25 15:21:59,363 - Bounce Top
2026-04-25 15:21:59,364 - Bounce Left
2026-04-25 15:21:59,364 - Bounce Top
2026-04-25 15:21:59,365 - Bounce Left
2026-04-25 15:21:59,365 - Bounce Top
2026-04-25 15:21:59,365 - Bounce Top
2026-04-25 15:21:59,365 - Bounce Left
2026-04-25 15:21:59,365 - Bounce Bottom
2026-04-25 15:21:59,366 - Bounce Top
2026-04-25 15:21:59,379 - Bounce Left
2026-04-25 15:21:59,380 - Bounce Top
2026-04-25 15:21:59,381 - Bounce Right
2026-04-25 15:21:59,381 - Bounce Bottom
2026-04-25 15:21:59,381 - Bounce Left
2026-04-25 15:21:59,381 - Bounce Top
2026-04-25 15:21:59,382 - Bounce Left
2026-04-25 15:21:59,382 - Bounce Top
2026-04-25 15:21:59,382 - Bounce Left
2026-04-25 15:21:59,383 - Bounce Top
2026-04-25 15:21:59,383 - Bounce Top
2026-04-25 15:21:59,383 - Bounce Left
2026-04-25 15:21:59,383 - Bounce Bottom
2026-04-25 15:21:59,384 - Bounce Top
2026-04-25 15:21:59,395 - Bounce Left
2026-04-25 15:21:59,396 - Bounce Top
2026-04-25 15:21:59,396 - Bounce Bottom
2026-04-25 15:21:59,397 - Bounce Left
2026-04-25 15:21:59,397 - Bounce Top
2026-04-25 15:21:59,397 - Bounce Left
2026-04-25 15:21:59,398 - Bounce Top
2026-04-25 15:21:59,398 - Bounce Left
2026-04-25 15:21:59,398 - Bounce Top
2026-04-25 15:21:59,398 - Bounce Top
2026-04-25 15:21:59,399 - Bounce Left
2026-04-25 15:21:59,399 - Bounce Bottom
2026-04-25 15:21:59,399 - Bounce Top
2026-04-25 15:21:59,412 - Bounce Left
2026-04-25 15:21:59,413 - Bounce Top
2026-04-25 15:21:59,413 - Bounce Bottom
2026-04-25 15:21:59,414 - Bounce Left
2026-04-25 15:21:59,414 - Bounce Top
2026-04-25 15:21:59,415 - Bounce Left
2026-04-25 15:21:59,415 - Bounce Top
2026-04-25 15:21:59,416 - Bounce Left
2026-04-25 15:21:59,416 - Bounce Top
2026-04-25 15:21:59,416 - Bounce Top
2026-04-25 15:21:59,417 - Bounce Left
2026-04-25 15:21:59,417 - Bounce Bottom
2026-04-25 15:21:59,417 - Bounce Right
2026-04-25 15:21:59,418 - Bounce Top
2026-04-25 15:21:59,429 - Bounce Left
2026-04-25 15:21:59,430 - Bounce Top
2026-04-25 15:21:59,431 - Bounce Bottom
2026-04-25 15:21:59,431 - Bounce Left
2026-04-25 15:21:59,431 - Bounce Top
2026-04-25 15:21:59,432 - Bounce Left
2026-04-25 15:21:59,432 - Bounce Top
2026-04-25 15:21:59,432 - Bounce Left
2026-04-25 15:21:59,433 - Bounce Top
2026-04-25 15:21:59,433 - Bounce Top
2026-04-25 15:21:59,433 - Bounce Left
2026-04-25 15:21:59,433 - Bounce Bottom
2026-04-25 15:21:59,434 - Bounce Bottom
2026-04-25 15:21:59,434 - Bounce Top
2026-04-25 15:21:59,446 - Bounce Left
2026-04-25 15:21:59,447 - Bounce Top
2026-04-25 15:21:59,447 - Bounce Bottom
2026-04-25 15:21:59,448 - Bounce Left
2026-04-25 15:21:59,448 - Bounce Top
2026-04-25 15:21:59,449 - Bounce Left
2026-04-25 15:21:59,449 - Bounce Top
2026-04-25 15:21:59,449 - Bounce Left
2026-04-25 15:21:59,450 - Bounce Top
2026-04-25 15:21:59,450 - Bounce Top
2026-04-25 15:21:59,450 - Bounce Left
2026-04-25 15:21:59,450 - Bounce Bottom
2026-04-25 15:21:59,451 - Bounce Top
2026-04-25 15:21:59,463 - Bounce Left
2026-04-25 15:21:59,464 - Bounce Top
2026-04-25 15:21:59,464 - Bounce Bottom
2026-04-25 15:21:59,465 - Bounce Left
2026-04-25 15:21:59,465 - Bounce Top
2026-04-25 15:21:59,466 - Bounce Left
2026-04-25 15:21:59,466 - Bounce Top
2026-04-25 15:21:59,466 - Bounce Left
2026-04-25 15:21:59,466 - Bounce Top
2026-04-25 15:21:59,467 - Bounce Top
2026-04-25 15:21:59,467 - Bounce Left
2026-04-25 15:21:59,467 - Bounce Bottom
2026-04-25 15:21:59,468 - Bounce Top
2026-04-25 15:21:59,480 - Bounce Left
2026-04-25 15:21:59,480 - Bounce Top
2026-04-25 15:21:59,481 - Bounce Bottom
2026-04-25 15:21:59,481 - Bounce Left
2026-04-25 15:21:59,481 - Bounce Top
2026-04-25 15:21:59,482 - Bounce Left
2026-04-25 15:21:59,482 - Bounce Top
2026-04-25 15:21:59,483 - Bounce Left
2026-04-25 15:21:59,483 - Bounce Top
2026-04-25 15:21:59,483 - Bounce Top
2026-04-25 15:21:59,483 - Bounce Left
2026-04-25 15:21:59,484 - Bounce Bottom
2026-04-25 15:21:59,484 - Bounce Top
2026-04-25 15:21:59,496 - Bounce Left
2026-04-25 15:21:59,496 - Bounce Top
2026-04-25 15:21:59,497 - Bounce Bottom
2026-04-25 15:21:59,497 - Bounce Left
2026-04-25 15:21:59,498 - Bounce Top
2026-04-25 15:21:59,499 - Bounce Left
2026-04-25 15:21:59,499 - Bounce Top
2026-04-25 15:21:59,499 - Bounce Left
2026-04-25 15:21:59,499 - Bounce Top
2026-04-25 15:21:59,500 - Bounce Top
2026-04-25 15:21:59,500 - Bounce Left
2026-04-25 15:21:59,501 - Bounce Bottom
2026-04-25 15:21:59,501 - Bounce Top
2026-04-25 15:21:59,512 - Bounce Left
2026-04-25 15:21:59,513 - Bounce Top
2026-04-25 15:21:59,514 - Bounce Bottom
2026-04-25 15:21:59,514 - Bounce Left
2026-04-25 15:21:59,514 - Bounce Top
2026-04-25 15:21:59,515 - Bounce Left
2026-04-25 15:21:59,515 - Bounce Top
2026-04-25 15:21:59,515 - Bounce Left
2026-04-25 15:21:59,516 - Bounce Top
2026-04-25 15:21:59,516 - Bounce Top
2026-04-25 15:21:59,516 - Bounce Left
2026-04-25 15:21:59,516 - Bounce Bottom
2026-04-25 15:21:59,517 - Bounce Top
2026-04-25 15:21:59,529 - Bounce Left
2026-04-25 15:21:59,529 - Bounce Top
2026-04-25 15:21:59,530 - Bounce Bottom
2026-04-25 15:21:59,530 - Bounce Left
2026-04-25 15:21:59,531 - Bounce Top
2026-04-25 15:21:59,532 - Bounce Left
2026-04-25 15:21:59,532 - Bounce Top
2026-04-25 15:21:59,532 - Bounce Left
2026-04-25 15:21:59,533 - Bounce Top
2026-04-25 15:21:59,533 - Bounce Top
2026-04-25 15:21:59,533 - Bounce Left
2026-04-25 15:21:59,533 - Bounce Bottom
2026-04-25 15:21:59,534 - Bounce Top
2026-04-25 15:21:59,545 - Bounce Left
2026-04-25 15:21:59,545 - Bounce Top
2026-04-25 15:21:59,546 - Bounce Bottom
2026-04-25 15:21:59,547 - Bounce Left
2026-04-25 15:21:59,547 - Bounce Top
2026-04-25 15:21:59,548 - Bounce Left
2026-04-25 15:21:59,548 - Bounce Top
2026-04-25 15:21:59,548 - Bounce Left
2026-04-25 15:21:59,549 - Bounce Top
2026-04-25 15:21:59,549 - Bounce Top
2026-04-25 15:21:59,549 - Bounce Left
2026-04-25 15:21:59,549 - Bounce Bottom
2026-04-25 15:21:59,550 - Bounce Top
2026-04-25 15:21:59,561 - Bounce Left
2026-04-25 15:21:59,562 - Bounce Top
2026-04-25 15:21:59,563 - Bounce Bottom
2026-04-25 15:21:59,563 - Bounce Left
2026-04-25 15:21:59,563 - Bounce Top
2026-04-25 15:21:59,564 - Bounce Left
2026-04-25 15:21:59,564 - Bounce Top
2026-04-25 15:21:59,564 - Bounce Left
2026-04-25 15:21:59,565 - Bounce Top
2026-04-25 15:21:59,565 - Bounce Top
2026-04-25 15:21:59,565 - Bounce Left
2026-04-25 15:21:59,565 - Bounce Bottom
2026-04-25 15:21:59,566 - Bounce Top
2026-04-25 15:21:59,577 - Bounce Left
2026-04-25 15:21:59,578 - Bounce Top
2026-04-25 15:21:59,578 - Bounce Bottom
2026-04-25 15:21:59,579 - Bounce Left
2026-04-25 15:21:59,579 - Bounce Top
2026-04-25 15:21:59,580 - Bounce Left
2026-04-25 15:21:59,580 - Bounce Top
2026-04-25 15:21:59,580 - Bounce Left
2026-04-25 15:21:59,580 - Bounce Top
2026-04-25 15:21:59,581 - Bounce Top
2026-04-25 15:21:59,581 - Bounce Left
2026-04-25 15:21:59,581 - Bounce Bottom
2026-04-25 15:21:59,582 - Bounce Top
2026-04-25 15:21:59,594 - Bounce Left
2026-04-25 15:21:59,596 - Bounce Bottom
2026-04-25 15:21:59,596 - Bounce Left
2026-04-25 15:21:59,596 - Bounce Top
2026-04-25 15:21:59,597 - Bounce Left
2026-04-25 15:21:59,597 - Bounce Top
2026-04-25 15:21:59,597 - Bounce Left
2026-04-25 15:21:59,597 - Bounce Top
2026-04-25 15:21:59,598 - Bounce Top
2026-04-25 15:21:59,598 - Bounce Left
2026-04-25 15:21:59,598 - Bounce Bottom
2026-04-25 15:21:59,599 - Bounce Top
2026-04-25 15:21:59,610 - Bounce Left
2026-04-25 15:21:59,611 - Bounce Right
2026-04-25 15:21:59,611 - Bounce Right
2026-04-25 15:21:59,611 - Bounce Bottom
2026-04-25 15:21:59,612 - Bounce Left
2026-04-25 15:21:59,612 - Bounce Top
2026-04-25 15:21:59,613 - Bounce Left
2026-04-25 15:21:59,613 - Bounce Top
2026-04-25 15:21:59,613 - Bounce Left
2026-04-25 15:21:59,613 - Bounce Top
2026-04-25 15:21:59,614 - Bounce Top
2026-04-25 15:21:59,614 - Bounce Left
2026-04-25 15:21:59,614 - Bounce Bottom
2026-04-25 15:21:59,615 - Bounce Top
2026-04-25 15:21:59,627 - Bounce Left
2026-04-25 15:21:59,629 - Bounce Bottom
2026-04-25 15:21:59,629 - Bounce Left
2026-04-25 15:21:59,629 - Bounce Top
2026-04-25 15:21:59,630 - Bounce Left
2026-04-25 15:21:59,630 - Bounce Top
2026-04-25 15:21:59,631 - Bounce Left
2026-04-25 15:21:59,631 - Bounce Top
2026-04-25 15:21:59,631 - Bounce Top
2026-04-25 15:21:59,632 - Bounce Left
2026-04-25 15:21:59,632 - Bounce Bottom
2026-04-25 15:21:59,632 - Bounce Top
2026-04-25 15:21:59,644 - Bounce Left
2026-04-25 15:21:59,645 - Bounce Bottom
2026-04-25 15:21:59,645 - Bounce Left
2026-04-25 15:21:59,645 - Bounce Top
2026-04-25 15:21:59,646 - Bounce Left
2026-04-25 15:21:59,646 - Bounce Top
2026-04-25 15:21:59,647 - Bounce Left
2026-04-25 15:21:59,647 - Bounce Top
2026-04-25 15:21:59,647 - Bounce Top
2026-04-25 15:21:59,648 - Bounce Left
2026-04-25 15:21:59,648 - Bounce Bottom
2026-04-25 15:21:59,648 - Bounce Right
2026-04-25 15:21:59,649 - Bounce Top
2026-04-25 15:21:59,662 - Bounce Left
2026-04-25 15:21:59,663 - Bounce Bottom
2026-04-25 15:21:59,663 - Bounce Left
2026-04-25 15:21:59,663 - Bounce Top
2026-04-25 15:21:59,664 - Bounce Left
2026-04-25 15:21:59,664 - Bounce Top
2026-04-25 15:21:59,665 - Bounce Left
2026-04-25 15:21:59,665 - Bounce Top
2026-04-25 15:21:59,665 - Bounce Top
2026-04-25 15:21:59,665 - Bounce Left
2026-04-25 15:21:59,666 - Bounce Bottom
2026-04-25 15:21:59,666 - Bounce Right
2026-04-25 15:21:59,666 - Bounce Bottom
2026-04-25 15:21:59,666 - Bounce Top
2026-04-25 15:21:59,678 - Bounce Left
2026-04-25 15:21:59,679 - Bounce Bottom
2026-04-25 15:21:59,680 - Bounce Left
2026-04-25 15:21:59,680 - Bounce Top
2026-04-25 15:21:59,681 - Bounce Left
2026-04-25 15:21:59,681 - Bounce Top
2026-04-25 15:21:59,681 - Bounce Left
2026-04-25 15:21:59,681 - Bounce Top
2026-04-25 15:21:59,682 - Bounce Top
2026-04-25 15:21:59,682 - Bounce Left
2026-04-25 15:21:59,682 - Bounce Bottom
2026-04-25 15:21:59,682 - Bounce Right
2026-04-25 15:21:59,683 - Bounce Top
2026-04-25 15:21:59,696 - Bounce Left
2026-04-25 15:21:59,697 - Bounce Bottom
2026-04-25 15:21:59,697 - Bounce Left
2026-04-25 15:21:59,698 - Bounce Top
2026-04-25 15:21:59,699 - Bounce Left
2026-04-25 15:21:59,699 - Bounce Top
2026-04-25 15:21:59,699 - Bounce Left
2026-04-25 15:21:59,699 - Bounce Top
2026-04-25 15:21:59,700 - Bounce Top
2026-04-25 15:21:59,700 - Bounce Left
2026-04-25 15:21:59,700 - Bounce Bottom
2026-04-25 15:21:59,701 - Bounce Right
2026-04-25 15:21:59,701 - Bounce Top
2026-04-25 15:21:59,713 - Bounce Left
2026-04-25 15:21:59,714 - Bounce Top
2026-04-25 15:21:59,714 - Bounce Bottom
2026-04-25 15:21:59,715 - Bounce Left
2026-04-25 15:21:59,715 - Bounce Top
2026-04-25 15:21:59,716 - Bounce Left
2026-04-25 15:21:59,716 - Bounce Top
2026-04-25 15:21:59,716 - Bounce Left
2026-04-25 15:21:59,716 - Bounce Top
2026-04-25 15:21:59,716 - Bounce Top
2026-04-25 15:21:59,717 - Bounce Left
2026-04-25 15:21:59,717 - Bounce Bottom
2026-04-25 15:21:59,718 - Bounce Right
2026-04-25 15:21:59,718 - Bounce Top
2026-04-25 15:21:59,729 - Bounce Left
2026-04-25 15:21:59,729 - Bounce Top
2026-04-25 15:21:59,730 - Bounce Bottom
2026-04-25 15:21:59,730 - Bounce Left
2026-04-25 15:21:59,731 - Bounce Top
2026-04-25 15:21:59,731 - Bounce Left
2026-04-25 15:21:59,731 - Bounce Top
2026-04-25 15:21:59,732 - Bounce Left
2026-04-25 15:21:59,732 - Bounce Top
2026-04-25 15:21:59,732 - Bounce Top
2026-04-25 15:21:59,733 - Bounce Left
2026-04-25 15:21:59,733 - Bounce Bottom
2026-04-25 15:21:59,733 - Bounce Right
2026-04-25 15:21:59,734 - Bounce Top
2026-04-25 15:21:59,745 - Bounce Left
2026-04-25 15:21:59,746 - Bounce Top
2026-04-25 15:21:59,746 - Bounce Bottom
2026-04-25 15:21:59,747 - Bounce Left
2026-04-25 15:21:59,747 - Bounce Top
2026-04-25 15:21:59,748 - Bounce Left
2026-04-25 15:21:59,748 - Bounce Top
2026-04-25 15:21:59,748 - Bounce Left
2026-04-25 15:21:59,748 - Bounce Top
2026-04-25 15:21:59,749 - Bounce Top
2026-04-25 15:21:59,749 - Bounce Left
2026-04-25 15:21:59,749 - Bounce Bottom
2026-04-25 15:21:59,750 - Bounce Right
2026-04-25 15:21:59,750 - Bounce Top
2026-04-25 15:21:59,762 - Bounce Left
2026-04-25 15:21:59,762 - Bounce Top
2026-04-25 15:21:59,763 - Bounce Bottom
2026-04-25 15:21:59,763 - Bounce Left
2026-04-25 15:21:59,764 - Bounce Top
2026-04-25 15:21:59,764 - Bounce Left
2026-04-25 15:21:59,765 - Bounce Top
2026-04-25 15:21:59,765 - Bounce Left
2026-04-25 15:21:59,765 - Bounce Top
2026-04-25 15:21:59,765 - Bounce Top
2026-04-25 15:21:59,766 - Bounce Left
2026-04-25 15:21:59,766 - Bounce Bottom
2026-04-25 15:21:59,767 - Bounce Right
2026-04-25 15:21:59,767 - Bounce Top
2026-04-25 15:21:59,779 - Bounce Left
2026-04-25 15:21:59,779 - Bounce Top
2026-04-25 15:21:59,780 - Bounce Bottom
2026-04-25 15:21:59,780 - Bounce Left
2026-04-25 15:21:59,781 - Bounce Top
2026-04-25 15:21:59,781 - Bounce Left
2026-04-25 15:21:59,781 - Bounce Top
2026-04-25 15:21:59,782 - Bounce Left
2026-04-25 15:21:59,782 - Bounce Top
2026-04-25 15:21:59,782 - Bounce Top
2026-04-25 15:21:59,782 - Bounce Left
2026-04-25 15:21:59,783 - Bounce Bottom
2026-04-25 15:21:59,783 - Bounce Right
2026-04-25 15:21:59,783 - Bounce Top
2026-04-25 15:21:59,796 - Bounce Left
2026-04-25 15:21:59,796 - Bounce Top
2026-04-25 15:21:59,797 - Bounce Right
2026-04-25 15:21:59,797 - Bounce Bottom
2026-04-25 15:21:59,797 - Bounce Left
2026-04-25 15:21:59,798 - Bounce Top
2026-04-25 15:21:59,798 - Bounce Left
2026-04-25 15:21:59,799 - Bounce Top
2026-04-25 15:21:59,799 - Bounce Left
2026-04-25 15:21:59,799 - Bounce Top
2026-04-25 15:21:59,799 - Bounce Top
2026-04-25 15:21:59,800 - Bounce Left
2026-04-25 15:21:59,800 - Bounce Bottom
2026-04-25 15:21:59,800 - Bounce Right
2026-04-25 15:21:59,801 - Bounce Top
2026-04-25 15:21:59,813 - Bounce Left
2026-04-25 15:21:59,813 - Bounce Top
2026-04-25 15:21:59,814 - Bounce Bottom
2026-04-25 15:21:59,814 - Bounce Left
2026-04-25 15:21:59,814 - Bounce Top
2026-04-25 15:21:59,815 - Bounce Left
2026-04-25 15:21:59,815 - Bounce Top
2026-04-25 15:21:59,815 - Bounce Left
2026-04-25 15:21:59,815 - Bounce Top
2026-04-25 15:21:59,816 - Bounce Top
2026-04-25 15:21:59,816 - Bounce Left
2026-04-25 15:21:59,816 - Bounce Bottom
2026-04-25 15:21:59,817 - Bounce Right
2026-04-25 15:21:59,817 - Bounce Top
2026-04-25 15:21:59,829 - Bounce Left
2026-04-25 15:21:59,830 - Bounce Top
2026-04-25 15:21:59,831 - Bounce Bottom
2026-04-25 15:21:59,831 - Bounce Left
2026-04-25 15:21:59,831 - Bounce Top
2026-04-25 15:21:59,832 - Bounce Left
2026-04-25 15:21:59,832 - Bounce Top
2026-04-25 15:21:59,832 - Bounce Left
2026-04-25 15:21:59,833 - Bounce Top
2026-04-25 15:21:59,833 - Bounce Top
2026-04-25 15:21:59,833 - Bounce Left
2026-04-25 15:21:59,834 - Bounce Bottom
2026-04-25 15:21:59,834 - Bounce Right
2026-04-25 15:21:59,835 - Bounce Top
2026-04-25 15:21:59,844 - Bounce Left
2026-04-25 15:21:59,845 - Bounce Top
2026-04-25 15:21:59,846 - Bounce Bottom
2026-04-25 15:21:59,846 - Bounce Left
2026-04-25 15:21:59,846 - Bounce Top
2026-04-25 15:21:59,847 - Bounce Left
2026-04-25 15:21:59,847 - Bounce Top
2026-04-25 15:21:59,848 - Bounce Left
2026-04-25 15:21:59,848 - Bounce Top
2026-04-25 15:21:59,848 - Bounce Top
2026-04-25 15:21:59,848 - Bounce Left
2026-04-25 15:21:59,849 - Bounce Bottom
2026-04-25 15:21:59,849 - Bounce Right
2026-04-25 15:21:59,849 - Bounce Top
2026-04-25 15:21:59,862 - Bounce Left
2026-04-25 15:21:59,863 - Bounce Top
2026-04-25 15:21:59,864 - Bounce Bottom
2026-04-25 15:21:59,864 - Bounce Left
2026-04-25 15:21:59,864 - Bounce Top
2026-04-25 15:21:59,865 - Bounce Left
2026-04-25 15:21:59,865 - Bounce Top
2026-04-25 15:21:59,865 - Bounce Left
2026-04-25 15:21:59,865 - Bounce Top
2026-04-25 15:21:59,866 - Bounce Top
2026-04-25 15:21:59,866 - Bounce Left
2026-04-25 15:21:59,866 - Bounce Bottom
2026-04-25 15:21:59,867 - Bounce Right
2026-04-25 15:21:59,867 - Bounce Top
2026-04-25 15:21:59,879 - Bounce Left
2026-04-25 15:21:59,880 - Bounce Top
2026-04-25 15:21:59,880 - Bounce Bottom
2026-04-25 15:21:59,881 - Bounce Left
2026-04-25 15:21:59,881 - Bounce Top
2026-04-25 15:21:59,882 - Bounce Left
2026-04-25 15:21:59,882 - Bounce Top
2026-04-25 15:21:59,882 - Bounce Left
2026-04-25 15:21:59,882 - Bounce Top
2026-04-25 15:21:59,883 - Bounce Top
2026-04-25 15:21:59,883 - Bounce Left
2026-04-25 15:21:59,884 - Bounce Bottom
2026-04-25 15:21:59,884 - Bounce Right
2026-04-25 15:21:59,884 - Bounce Bottom
2026-04-25 15:21:59,884 - Bounce Top
2026-04-25 15:21:59,895 - Bounce Left
2026-04-25 15:21:59,895 - Bounce Top
2026-04-25 15:21:59,896 - Bounce Bottom
2026-04-25 15:21:59,897 - Bounce Left
2026-04-25 15:21:59,897 - Bounce Top
2026-04-25 15:21:59,898 - Bounce Left
2026-04-25 15:21:59,898 - Bounce Top
2026-04-25 15:21:59,898 - Bounce Left
2026-04-25 15:21:59,898 - Bounce Top
2026-04-25 15:21:59,898 - Bounce Top
2026-04-25 15:21:59,899 - Bounce Left
2026-04-25 15:21:59,899 - Bounce Bottom
2026-04-25 15:21:59,899 - Bounce Right
2026-04-25 15:21:59,900 - Bounce Top
2026-04-25 15:21:59,913 - Bounce Left
2026-04-25 15:21:59,914 - Bounce Top
2026-04-25 15:21:59,915 - Bounce Right
2026-04-25 15:21:59,915 - Bounce Bottom
2026-04-25 15:21:59,915 - Bounce Left
2026-04-25 15:21:59,915 - Bounce Top
2026-04-25 15:21:59,916 - Bounce Top
2026-04-25 15:21:59,917 - Bounce Left
2026-04-25 15:21:59,917 - Bounce Top
2026-04-25 15:21:59,917 - Bounce Left
2026-04-25 15:21:59,917 - Bounce Top
2026-04-25 15:21:59,918 - Bounce Top
2026-04-25 15:21:59,918 - Bounce Left
2026-04-25 15:21:59,918 - Bounce Bottom
2026-04-25 15:21:59,918 - Bounce Top
2026-04-25 15:21:59,919 - Bounce Right
2026-04-25 15:21:59,919 - Bounce Top
2026-04-25 15:21:59,930 - Bounce Left
2026-04-25 15:21:59,930 - Bounce Top
2026-04-25 15:21:59,930 - Bounce Right
2026-04-25 15:21:59,931 - Bounce Right
2026-04-25 15:21:59,931 - Bounce Bottom
2026-04-25 15:21:59,931 - Bounce Left
2026-04-25 15:21:59,931 - Bounce Top
2026-04-25 15:21:59,931 - Bounce Top
2026-04-25 15:21:59,932 - Bounce Left
2026-04-25 15:21:59,932 - Bounce Top
2026-04-25 15:21:59,932 - Bounce Left
2026-04-25 15:21:59,932 - Bounce Top
2026-04-25 15:21:59,932 - Bounce Top
2026-04-25 15:21:59,933 - Bounce Left
2026-04-25 15:21:59,933 - Bounce Bottom
2026-04-25 15:21:59,933 - Bounce Right
2026-04-25 15:21:59,933 - Bounce Top
2026-04-25 15:21:59,946 - Bounce Left
2026-04-25 15:21:59,947 - Bounce Top
2026-04-25 15:21:59,947 - Bounce Right
2026-04-25 15:21:59,947 - Bounce Bottom
2026-04-25 15:21:59,947 - Bounce Left
2026-04-25 15:21:59,948 - Bounce Top
2026-04-25 15:21:59,948 - Bounce Top
2026-04-25 15:21:59,949 - Bounce Left
2026-04-25 15:21:59,949 - Bounce Top
2026-04-25 15:21:59,949 - Bounce Left
2026-04-25 15:21:59,949 - Bounce Top
2026-04-25 15:21:59,950 - Bounce Top
2026-04-25 15:21:59,950 - Bounce Left
2026-04-25 15:21:59,950 - Bounce Bottom
2026-04-25 15:21:59,951 - Bounce Right
2026-04-25 15:21:59,951 - Bounce Top
2026-04-25 15:21:59,962 - Bounce Left
2026-04-25 15:21:59,963 - Bounce Top
2026-04-25 15:21:59,964 - Bounce Right
2026-04-25 15:21:59,964 - Bounce Bottom
2026-04-25 15:21:59,964 - Bounce Left
2026-04-25 15:21:59,964 - Bounce Top
2026-04-25 15:21:59,965 - Bounce Top
2026-04-25 15:21:59,965 - Bounce Left
2026-04-25 15:21:59,965 - Bounce Top
2026-04-25 15:21:59,966 - Bounce Left
2026-04-25 15:21:59,966 - Bounce Top
2026-04-25 15:21:59,966 - Bounce Top
2026-04-25 15:21:59,966 - Bounce Left
2026-04-25 15:21:59,967 - Bounce Bottom
2026-04-25 15:21:59,967 - Bounce Right
2026-04-25 15:21:59,967 - Bounce Top
2026-04-25 15:21:59,979 - Bounce Left
2026-04-25 15:21:59,980 - Bounce Top
2026-04-25 15:21:59,981 - Bounce Right
2026-04-25 15:21:59,981 - Bounce Bottom
2026-04-25 15:21:59,981 - Bounce Left
2026-04-25 15:21:59,981 - Bounce Top
2026-04-25 15:21:59,982 - Bounce Top
2026-04-25 15:21:59,982 - Bounce Left
2026-04-25 15:21:59,982 - Bounce Top
2026-04-25 15:21:59,982 - Bounce Left
2026-04-25 15:21:59,982 - Bounce Top
2026-04-25 15:21:59,983 - Bounce Top
2026-04-25 15:21:59,983 - Bounce Left
2026-04-25 15:21:59,983 - Bounce Bottom
2026-04-25 15:21:59,983 - Bounce Right
2026-04-25 15:21:59,984 - Bounce Top
2026-04-25 15:21:59,997 - Bounce Left
2026-04-25 15:21:59,997 - Bounce Top
2026-04-25 15:21:59,997 - Bounce Right
2026-04-25 15:21:59,998 - Bounce Left
2026-04-25 15:21:59,998 - Bounce Top
2026-04-25 15:22:00,000 - Bounce Top
2026-04-25 15:22:00,001 - Bounce Left
2026-04-25 15:22:00,001 - Bounce Top
2026-04-25 15:22:00,001 - Bounce Left
2026-04-25 15:22:00,001 - Bounce Top
2026-04-25 15:22:00,001 - Bounce Top
2026-04-25 15:22:00,002 - Bounce Left
2026-04-25 15:22:00,002 - Bounce Bottom
2026-04-25 15:22:00,002 - Bounce Right
2026-04-25 15:22:00,002 - Bounce Top
2026-04-25 15:22:00,012 - Bounce Left
2026-04-25 15:22:00,013 - Bounce Top
2026-04-25 15:22:00,013 - Bounce Right
2026-04-25 15:22:00,013 - Bounce Left
2026-04-25 15:22:00,013 - Bounce Top
2026-04-25 15:22:00,014 - Bounce Top
2026-04-25 15:22:00,014 - Bounce Left
2026-04-25 15:22:00,014 - Bounce Top
2026-04-25 15:22:00,014 - Bounce Left
2026-04-25 15:22:00,014 - Bounce Top
2026-04-25 15:22:00,014 - Bounce Top
2026-04-25 15:22:00,014 - Bounce Left
2026-04-25 15:22:00,014 - Bounce Bottom
2026-04-25 15:22:00,015 - Bounce Right
2026-04-25 15:22:00,015 - Bounce Top
2026-04-25 15:22:00,029 - Bounce Left
2026-04-25 15:22:00,030 - Bounce Top
2026-04-25 15:22:00,030 - Bounce Right
2026-04-25 15:22:00,030 - Bounce Left
2026-04-25 15:22:00,030 - Bounce Top
2026-04-25 15:22:00,030 - Bounce Bottom
2026-04-25 15:22:00,031 - Bounce Top
2026-04-25 15:22:00,031 - Bounce Left
2026-04-25 15:22:00,031 - Bounce Top
2026-04-25 15:22:00,031 - Bounce Left
2026-04-25 15:22:00,031 - Bounce Top
2026-04-25 15:22:00,031 - Bounce Top
2026-04-25 15:22:00,031 - Bounce Left
2026-04-25 15:22:00,031 - Bounce Bottom
2026-04-25 15:22:00,032 - Bounce Right
2026-04-25 15:22:00,032 - Bounce Top
2026-04-25 15:22:00,046 - Bounce Left
2026-04-25 15:22:00,046 - Bounce Top
2026-04-25 15:22:00,046 - Bounce Right
2026-04-25 15:22:00,046 - Bounce Left
2026-04-25 15:22:00,046 - Bounce Top
2026-04-25 15:22:00,046 - Bounce Bottom
2026-04-25 15:22:00,047 - Bounce Top
2026-04-25 15:22:00,047 - Bounce Left
2026-04-25 15:22:00,047 - Bounce Top
2026-04-25 15:22:00,047 - Bounce Left
2026-04-25 15:22:00,047 - Bounce Top
2026-04-25 15:22:00,047 - Bounce Top
2026-04-25 15:22:00,047 - Bounce Left
2026-04-25 15:22:00,048 - Bounce Bottom
2026-04-25 15:22:00,048 - Bounce Right
2026-04-25 15:22:00,048 - Bounce Top
2026-04-25 15:22:00,062 - Bounce Left
2026-04-25 15:22:00,062 - Bounce Top
2026-04-25 15:22:00,062 - Bounce Right
2026-04-25 15:22:00,063 - Bounce Left
2026-04-25 15:22:00,063 - Bounce Top
2026-04-25 15:22:00,063 - Bounce Bottom
2026-04-25 15:22:00,063 - Bounce Left
2026-04-25 15:22:00,063 - Bounce Top
2026-04-25 15:22:00,063 - Bounce Left
2026-04-25 15:22:00,063 - Bounce Top
2026-04-25 15:22:00,063 - Bounce Left
2026-04-25 15:22:00,063 - Bounce Top
2026-04-25 15:22:00,064 - Bounce Top
2026-04-25 15:22:00,064 - Bounce Left
2026-04-25 15:22:00,064 - Bounce Bottom
2026-04-25 15:22:00,064 - Bounce Top
2026-04-25 15:22:00,080 - Bounce Left
2026-04-25 15:22:00,080 - Bounce Top
2026-04-25 15:22:00,080 - Bounce Right
2026-04-25 15:22:00,080 - Bounce Bottom
2026-04-25 15:22:00,080 - Bounce Left
2026-04-25 15:22:00,081 - Bounce Top
2026-04-25 15:22:00,081 - Bounce Bottom
2026-04-25 15:22:00,081 - Bounce Top
2026-04-25 15:22:00,081 - Bounce Left
2026-04-25 15:22:00,081 - Bounce Top
2026-04-25 15:22:00,081 - Bounce Left
2026-04-25 15:22:00,081 - Bounce Top
2026-04-25 15:22:00,081 - Bounce Top
2026-04-25 15:22:00,081 - Bounce Left
2026-04-25 15:22:00,082 - Bounce Bottom
2026-04-25 15:22:00,082 - Bounce Bottom
2026-04-25 15:22:00,082 - Bounce Top
2026-04-25 15:22:00,098 - Bounce Left
2026-04-25 15:22:00,098 - Bounce Top
2026-04-25 15:22:00,098 - Bounce Right
2026-04-25 15:22:00,098 - Bounce Bottom
2026-04-25 15:22:00,098 - Bounce Left
2026-04-25 15:22:00,098 - Bounce Top
2026-04-25 15:22:00,099 - Bounce Bottom
2026-04-25 15:22:00,099 - Bounce Top
2026-04-25 15:22:00,099 - Bounce Left
2026-04-25 15:22:00,099 - Bounce Top
2026-04-25 15:22:00,100 - Bounce Left
2026-04-25 15:22:00,100 - Bounce Top
2026-04-25 15:22:00,100 - Bounce Top
2026-04-25 15:22:00,100 - Bounce Left
2026-04-25 15:22:00,100 - Bounce Bottom
2026-04-25 15:22:00,101 - Bounce Top
2026-04-25 15:22:00,114 - Bounce Left
2026-04-25 15:22:00,114 - Bounce Top
2026-04-25 15:22:00,115 - Bounce Right
2026-04-25 15:22:00,115 - Bounce Bottom
2026-04-25 15:22:00,115 - Bounce Left
2026-04-25 15:22:00,115 - Bounce Top
2026-04-25 15:22:00,116 - Bounce Bottom
2026-04-25 15:22:00,116 - Bounce Top
2026-04-25 15:22:00,116 - Bounce Left
2026-04-25 15:22:00,117 - Bounce Top
2026-04-25 15:22:00,117 - Bounce Left
2026-04-25 15:22:00,117 - Bounce Top
2026-04-25 15:22:00,117 - Bounce Top
2026-04-25 15:22:00,118 - Bounce Left
2026-04-25 15:22:00,118 - Bounce Bottom
2026-04-25 15:22:00,119 - Bounce Top
2026-04-25 15:22:00,131 - Bounce Left
2026-04-25 15:22:00,131 - Bounce Top
2026-04-25 15:22:00,132 - Bounce Right
2026-04-25 15:22:00,132 - Bounce Bottom
2026-04-25 15:22:00,132 - Bounce Left
2026-04-25 15:22:00,132 - Bounce Top
2026-04-25 15:22:00,133 - Bounce Bottom
2026-04-25 15:22:00,133 - Bounce Top
2026-04-25 15:22:00,133 - Bounce Left
2026-04-25 15:22:00,134 - Bounce Top
2026-04-25 15:22:00,134 - Bounce Left
2026-04-25 15:22:00,134 - Bounce Top
2026-04-25 15:22:00,134 - Bounce Top
2026-04-25 15:22:00,134 - Bounce Left
2026-04-25 15:22:00,135 - Bounce Bottom
2026-04-25 15:22:00,135 - Bounce Top
2026-04-25 15:22:00,147 - Bounce Left
2026-04-25 15:22:00,147 - Bounce Top
2026-04-25 15:22:00,148 - Bounce Right
2026-04-25 15:22:00,148 - Bounce Bottom
2026-04-25 15:22:00,148 - Bounce Left
2026-04-25 15:22:00,148 - Bounce Top
2026-04-25 15:22:00,148 - Bounce Bottom
2026-04-25 15:22:00,149 - Bounce Top
2026-04-25 15:22:00,149 - Bounce Left
2026-04-25 15:22:00,149 - Bounce Top
2026-04-25 15:22:00,149 - Bounce Left
2026-04-25 15:22:00,150 - Bounce Top
2026-04-25 15:22:00,150 - Bounce Top
2026-04-25 15:22:00,150 - Bounce Left
2026-04-25 15:22:00,150 - Bounce Bottom
2026-04-25 15:22:00,151 - Bounce Top
2026-04-25 15:22:00,163 - Bounce Left
2026-04-25 15:22:00,163 - Bounce Top
2026-04-25 15:22:00,164 - Bounce Right
2026-04-25 15:22:00,164 - Bounce Bottom
2026-04-25 15:22:00,164 - Bounce Left
2026-04-25 15:22:00,164 - Bounce Top
2026-04-25 15:22:00,165 - Bounce Bottom
2026-04-25 15:22:00,165 - Bounce Top
2026-04-25 15:22:00,165 - Bounce Left
2026-04-25 15:22:00,165 - Bounce Top
2026-04-25 15:22:00,166 - Bounce Left
2026-04-25 15:22:00,166 - Bounce Top
2026-04-25 15:22:00,166 - Bounce Top
2026-04-25 15:22:00,166 - Bounce Left
2026-04-25 15:22:00,166 - Bounce Bottom
2026-04-25 15:22:00,167 - Bounce Top
2026-04-25 15:22:00,179 - Bounce Left
2026-04-25 15:22:00,180 - Bounce Top
2026-04-25 15:22:00,180 - Bounce Right
2026-04-25 15:22:00,180 - Bounce Bottom
2026-04-25 15:22:00,181 - Bounce Left
2026-04-25 15:22:00,181 - Bounce Top
2026-04-25 15:22:00,181 - Bounce Bottom
2026-04-25 15:22:00,181 - Bounce Top
2026-04-25 15:22:00,182 - Bounce Left
2026-04-25 15:22:00,182 - Bounce Top
2026-04-25 15:22:00,182 - Bounce Left
2026-04-25 15:22:00,182 - Bounce Top
2026-04-25 15:22:00,182 - Bounce Top
2026-04-25 15:22:00,182 - Bounce Left
2026-04-25 15:22:00,183 - Bounce Bottom
2026-04-25 15:22:00,183 - Bounce Top
2026-04-25 15:22:00,196 - Bounce Left
2026-04-25 15:22:00,196 - Bounce Top
2026-04-25 15:22:00,197 - Bounce Right
2026-04-25 15:22:00,197 - Bounce Bottom
2026-04-25 15:22:00,197 - Bounce Left
2026-04-25 15:22:00,197 - Bounce Top
2026-04-25 15:22:00,198 - Bounce Bottom
2026-04-25 15:22:00,198 - Bounce Top
2026-04-25 15:22:00,199 - Bounce Left
2026-04-25 15:22:00,199 - Bounce Top
2026-04-25 15:22:00,199 - Bounce Left
2026-04-25 15:22:00,199 - Bounce Top
2026-04-25 15:22:00,200 - Bounce Top
2026-04-25 15:22:00,200 - Bounce Left
2026-04-25 15:22:00,200 - Bounce Bottom
2026-04-25 15:22:00,200 - Bounce Top
2026-04-25 15:22:00,213 - Bounce Left
2026-04-25 15:22:00,213 - Bounce Top
2026-04-25 15:22:00,214 - Bounce Right
2026-04-25 15:22:00,214 - Bounce Bottom
2026-04-25 15:22:00,214 - Bounce Left
2026-04-25 15:22:00,214 - Bounce Top
2026-04-25 15:22:00,215 - Bounce Bottom
2026-04-25 15:22:00,215 - Bounce Top
2026-04-25 15:22:00,215 - Bounce Left
2026-04-25 15:22:00,215 - Bounce Top
2026-04-25 15:22:00,216 - Bounce Left
2026-04-25 15:22:00,216 - Bounce Top
2026-04-25 15:22:00,216 - Bounce Top
2026-04-25 15:22:00,216 - Bounce Left
2026-04-25 15:22:00,217 - Bounce Bottom
2026-04-25 15:22:00,217 - Bounce Top
2026-04-25 15:22:00,229 - Bounce Left
2026-04-25 15:22:00,229 - Bounce Top
2026-04-25 15:22:00,230 - Bounce Right
2026-04-25 15:22:00,230 - Bounce Bottom
2026-04-25 15:22:00,230 - Bounce Left
2026-04-25 15:22:00,230 - Bounce Top
2026-04-25 15:22:00,230 - Bounce Bottom
2026-04-25 15:22:00,231 - Bounce Top
2026-04-25 15:22:00,231 - Bounce Left
2026-04-25 15:22:00,231 - Bounce Top
2026-04-25 15:22:00,231 - Bounce Left
2026-04-25 15:22:00,231 - Bounce Top
2026-04-25 15:22:00,231 - Bounce Top
2026-04-25 15:22:00,231 - Bounce Left
2026-04-25 15:22:00,232 - Bounce Bottom
2026-04-25 15:22:00,232 - Bounce Right
2026-04-25 15:22:00,232 - Bounce Top
2026-04-25 15:22:00,246 - Bounce Left
2026-04-25 15:22:00,246 - Bounce Top
2026-04-25 15:22:00,247 - Bounce Right
2026-04-25 15:22:00,247 - Bounce Bottom
2026-04-25 15:22:00,247 - Bounce Left
2026-04-25 15:22:00,247 - Bounce Top
2026-04-25 15:22:00,247 - Bounce Bottom
2026-04-25 15:22:00,248 - Bounce Top
2026-04-25 15:22:00,248 - Bounce Left
2026-04-25 15:22:00,248 - Bounce Top
2026-04-25 15:22:00,249 - Bounce Left
2026-04-25 15:22:00,249 - Bounce Top
2026-04-25 15:22:00,249 - Bounce Top
2026-04-25 15:22:00,249 - Bounce Left
2026-04-25 15:22:00,249 - Bounce Bottom
2026-04-25 15:22:00,250 - Bounce Right
2026-04-25 15:22:00,250 - Bounce Bottom
2026-04-25 15:22:00,250 - Bounce Top
2026-04-25 15:22:00,263 - Bounce Left
2026-04-25 15:22:00,263 - Bounce Top
2026-04-25 15:22:00,264 - Bounce Right
2026-04-25 15:22:00,264 - Bounce Bottom
2026-04-25 15:22:00,264 - Bounce Left
2026-04-25 15:22:00,265 - Bounce Top
2026-04-25 15:22:00,265 - Bounce Bottom
2026-04-25 15:22:00,265 - Bounce Top
2026-04-25 15:22:00,266 - Bounce Left
2026-04-25 15:22:00,266 - Bounce Top
2026-04-25 15:22:00,266 - Bounce Left
2026-04-25 15:22:00,266 - Bounce Top
2026-04-25 15:22:00,267 - Bounce Top
2026-04-25 15:22:00,267 - Bounce Left
2026-04-25 15:22:00,267 - Bounce Bottom
2026-04-25 15:22:00,267 - Bounce Right
2026-04-25 15:22:00,267 - Bounce Bottom
2026-04-25 15:22:00,268 - Bounce Top
2026-04-25 15:22:00,282 - Bounce Left
2026-04-25 15:22:00,282 - Bounce Top
2026-04-25 15:22:00,283 - Bounce Right
2026-04-25 15:22:00,283 - Bounce Bottom
2026-04-25 15:22:00,283 - Bounce Left
2026-04-25 15:22:00,284 - Bounce Top
2026-04-25 15:22:00,284 - Bounce Bottom
2026-04-25 15:22:00,284 - Bounce Top
2026-04-25 15:22:00,285 - Bounce Left
2026-04-25 15:22:00,285 - Bounce Top
2026-04-25 15:22:00,285 - Bounce Left
2026-04-25 15:22:00,285 - Bounce Top
2026-04-25 15:22:00,285 - Bounce Top
2026-04-25 15:22:00,285 - Bounce Left
2026-04-25 15:22:00,286 - Bounce Bottom
2026-04-25 15:22:00,286 - Bounce Right
2026-04-25 15:22:00,286 - Bounce Bottom
2026-04-25 15:22:00,286 - Bounce Top
2026-04-25 15:22:00,299 - Bounce Left
2026-04-25 15:22:00,299 - Bounce Top
2026-04-25 15:22:00,300 - Bounce Right
2026-04-25 15:22:00,300 - Bounce Bottom
2026-04-25 15:22:00,300 - Bounce Left
2026-04-25 15:22:00,301 - Bounce Top
2026-04-25 15:22:00,301 - Bounce Bottom
2026-04-25 15:22:00,302 - Bounce Top
2026-04-25 15:22:00,302 - Bounce Left
2026-04-25 15:22:00,302 - Bounce Top
2026-04-25 15:22:00,303 - Bounce Left
2026-04-25 15:22:00,303 - Bounce Top
2026-04-25 15:22:00,303 - Bounce Top
2026-04-25 15:22:00,304 - Bounce Left
2026-04-25 15:22:00,304 - Bounce Bottom
2026-04-25 15:22:00,304 - Bounce Top
2026-04-25 15:22:00,304 - Bounce Right
2026-04-25 15:22:00,304 - Bounce Bottom
2026-04-25 15:22:00,305 - Bounce Top
2026-04-25 15:22:00,315 - Bounce Left
2026-04-25 15:22:00,315 - Bounce Top
2026-04-25 15:22:00,316 - Bounce Right
2026-04-25 15:22:00,316 - Bounce Bottom
2026-04-25 15:22:00,316 - Bounce Left
2026-04-25 15:22:00,316 - Bounce Top
2026-04-25 15:22:00,317 - Bounce Bottom
2026-04-25 15:22:00,317 - Bounce Top
2026-04-25 15:22:00,317 - Bounce Left
2026-04-25 15:22:00,318 - Bounce Top
2026-04-25 15:22:00,318 - Bounce Left
2026-04-25 15:22:00,318 - Bounce Top
2026-04-25 15:22:00,318 - Bounce Top
2026-04-25 15:22:00,318 - Bounce Left
2026-04-25 15:22:00,319 - Bounce Bottom
2026-04-25 15:22:00,319 - Bounce Top
2026-04-25 15:22:00,319 - Bounce Right
2026-04-25 15:22:00,319 - Bounce Bottom
2026-04-25 15:22:00,319 - Bounce Top
2026-04-25 15:22:00,332 - Bounce Left
2026-04-25 15:22:00,333 - Bounce Top
2026-04-25 15:22:00,333 - Bounce Right
2026-04-25 15:22:00,333 - Bounce Bottom
2026-04-25 15:22:00,334 - Bounce Left
2026-04-25 15:22:00,334 - Bounce Top
2026-04-25 15:22:00,334 - Bounce Bottom
2026-04-25 15:22:00,335 - Bounce Top
2026-04-25 15:22:00,335 - Bounce Left
2026-04-25 15:22:00,335 - Bounce Top
2026-04-25 15:22:00,336 - Bounce Left
2026-04-25 15:22:00,336 - Bounce Top
2026-04-25 15:22:00,336 - Bounce Top
2026-04-25 15:22:00,336 - Bounce Left
2026-04-25 15:22:00,337 - Bounce Bottom
2026-04-25 15:22:00,337 - Bounce Top
2026-04-25 15:22:00,337 - Bounce Right
2026-04-25 15:22:00,337 - Bounce Bottom
2026-04-25 15:22:00,337 - Bounce Top
2026-04-25 15:22:00,349 - Bounce Left
2026-04-25 15:22:00,350 - Bounce Top
2026-04-25 15:22:00,350 - Bounce Right
2026-04-25 15:22:00,351 - Bounce Right
2026-04-25 15:22:00,351 - Bounce Bottom
2026-04-25 15:22:00,351 - Bounce Left
2026-04-25 15:22:00,351 - Bounce Top
2026-04-25 15:22:00,352 - Bounce Bottom
2026-04-25 15:22:00,352 - Bounce Top
2026-04-25 15:22:00,352 - Bounce Left
2026-04-25 15:22:00,352 - Bounce Top
2026-04-25 15:22:00,353 - Bounce Left
2026-04-25 15:22:00,353 - Bounce Top
2026-04-25 15:22:00,353 - Bounce Top
2026-04-25 15:22:00,353 - Bounce Left
2026-04-25 15:22:00,353 - Bounce Bottom
2026-04-25 15:22:00,354 - Bounce Top
2026-04-25 15:22:00,354 - Bounce Right
2026-04-25 15:22:00,354 - Bounce Bottom
2026-04-25 15:22:00,354 - Bounce Top
2026-04-25 15:22:00,366 - Bounce Left
2026-04-25 15:22:00,366 - Bounce Top
2026-04-25 15:22:00,367 - Bounce Right
2026-04-25 15:22:00,367 - Bounce Bottom
2026-04-25 15:22:00,368 - Bounce Left
2026-04-25 15:22:00,368 - Bounce Top
2026-04-25 15:22:00,368 - Bounce Bottom
2026-04-25 15:22:00,369 - Bounce Top
2026-04-25 15:22:00,369 - Bounce Left
2026-04-25 15:22:00,369 - Bounce Top
2026-04-25 15:22:00,369 - Bounce Left
2026-04-25 15:22:00,369 - Bounce Top
2026-04-25 15:22:00,370 - Bounce Top
2026-04-25 15:22:00,370 - Bounce Left
2026-04-25 15:22:00,370 - Bounce Bottom
2026-04-25 15:22:00,370 - Bounce Top
2026-04-25 15:22:00,371 - Bounce Right
2026-04-25 15:22:00,371 - Bounce Bottom
2026-04-25 15:22:00,371 - Bounce Top
2026-04-25 15:22:00,382 - Bounce Left
2026-04-25 15:22:00,383 - Bounce Top
2026-04-25 15:22:00,383 - Bounce Right
2026-04-25 15:22:00,383 - Bounce Bottom
2026-04-25 15:22:00,384 - Bounce Left
2026-04-25 15:22:00,384 - Bounce Top
2026-04-25 15:22:00,384 - Bounce Bottom
2026-04-25 15:22:00,384 - Bounce Top
2026-04-25 15:22:00,385 - Bounce Left
2026-04-25 15:22:00,385 - Bounce Top
2026-04-25 15:22:00,385 - Bounce Left
2026-04-25 15:22:00,385 - Bounce Top
2026-04-25 15:22:00,385 - Bounce Top
2026-04-25 15:22:00,386 - Bounce Left
2026-04-25 15:22:00,386 - Bounce Bottom
2026-04-25 15:22:00,386 - Bounce Top
2026-04-25 15:22:00,386 - Bounce Right
2026-04-25 15:22:00,386 - Bounce Bottom
2026-04-25 15:22:00,387 - Bounce Top
2026-04-25 15:22:00,401 - Bounce Left
2026-04-25 15:22:00,401 - Bounce Top
2026-04-25 15:22:00,402 - Bounce Right
2026-04-25 15:22:00,402 - Bounce Bottom
2026-04-25 15:22:00,402 - Bounce Left
2026-04-25 15:22:00,402 - Bounce Top
2026-04-25 15:22:00,403 - Bounce Bottom
2026-04-25 15:22:00,403 - Bounce Top
2026-04-25 15:22:00,404 - Bounce Left
2026-04-25 15:22:00,404 - Bounce Top
2026-04-25 15:22:00,404 - Bounce Top
2026-04-25 15:22:00,404 - Bounce Left
2026-04-25 15:22:00,404 - Bounce Top
2026-04-25 15:22:00,405 - Bounce Top
2026-04-25 15:22:00,405 - Bounce Left
2026-04-25 15:22:00,405 - Bounce Bottom
2026-04-25 15:22:00,406 - Bounce Top
2026-04-25 15:22:00,406 - Bounce Right
2026-04-25 15:22:00,406 - Bounce Bottom
2026-04-25 15:22:00,406 - Bounce Top
2026-04-25 15:22:00,417 - Bounce Left
2026-04-25 15:22:00,418 - Bounce Top
2026-04-25 15:22:00,419 - Bounce Right
2026-04-25 15:22:00,419 - Bounce Bottom
2026-04-25 15:22:00,419 - Bounce Left
2026-04-25 15:22:00,419 - Bounce Top
2026-04-25 15:22:00,419 - Bounce Bottom
2026-04-25 15:22:00,420 - Bounce Top
2026-04-25 15:22:00,420 - Bounce Left
2026-04-25 15:22:00,420 - Bounce Top
2026-04-25 15:22:00,420 - Bounce Top
2026-04-25 15:22:00,421 - Bounce Left
2026-04-25 15:22:00,421 - Bounce Top
2026-04-25 15:22:00,421 - Bounce Top
2026-04-25 15:22:00,421 - Bounce Left
2026-04-25 15:22:00,421 - Bounce Bottom
2026-04-25 15:22:00,422 - Bounce Top
2026-04-25 15:22:00,422 - Bounce Right
2026-04-25 15:22:00,422 - Bounce Bottom
2026-04-25 15:22:00,422 - Bounce Top
2026-04-25 15:22:00,433 - Bounce Left
2026-04-25 15:22:00,433 - Bounce Top
2026-04-25 15:22:00,434 - Bounce Right
2026-04-25 15:22:00,434 - Bounce Bottom
2026-04-25 15:22:00,434 - Bounce Left
2026-04-25 15:22:00,434 - Bounce Top
2026-04-25 15:22:00,435 - Bounce Bottom
2026-04-25 15:22:00,435 - Bounce Top
2026-04-25 15:22:00,435 - Bounce Left
2026-04-25 15:22:00,435 - Bounce Top
2026-04-25 15:22:00,436 - Bounce Top
2026-04-25 15:22:00,436 - Bounce Left
2026-04-25 15:22:00,436 - Bounce Top
2026-04-25 15:22:00,436 - Bounce Top
2026-04-25 15:22:00,436 - Bounce Left
2026-04-25 15:22:00,437 - Bounce Bottom
2026-04-25 15:22:00,437 - Bounce Top
2026-04-25 15:22:00,437 - Bounce Right
2026-04-25 15:22:00,437 - Bounce Bottom
2026-04-25 15:22:00,437 - Bounce Top
2026-04-25 15:22:00,450 - Bounce Left
2026-04-25 15:22:00,450 - Bounce Top
2026-04-25 15:22:00,451 - Bounce Right
2026-04-25 15:22:00,451 - Bounce Bottom
2026-04-25 15:22:00,451 - Bounce Left
2026-04-25 15:22:00,451 - Bounce Top
2026-04-25 15:22:00,451 - Bounce Bottom
2026-04-25 15:22:00,452 - Bounce Top
2026-04-25 15:22:00,452 - Bounce Left
2026-04-25 15:22:00,452 - Bounce Top
2026-04-25 15:22:00,452 - Bounce Top
2026-04-25 15:22:00,453 - Bounce Left
2026-04-25 15:22:00,453 - Bounce Top
2026-04-25 15:22:00,453 - Bounce Top
2026-04-25 15:22:00,453 - Bounce Left
2026-04-25 15:22:00,453 - Bounce Bottom
2026-04-25 15:22:00,454 - Bounce Top
2026-04-25 15:22:00,454 - Bounce Right
2026-04-25 15:22:00,454 - Bounce Bottom
2026-04-25 15:22:00,454 - Bounce Top
2026-04-25 15:22:00,466 - Bounce Left
2026-04-25 15:22:00,467 - Bounce Top
2026-04-25 15:22:00,468 - Bounce Right
2026-04-25 15:22:00,468 - Bounce Bottom
2026-04-25 15:22:00,469 - Bounce Left
2026-04-25 15:22:00,469 - Bounce Top
2026-04-25 15:22:00,469 - Bounce Bottom
2026-04-25 15:22:00,470 - Bounce Top
2026-04-25 15:22:00,470 - Bounce Left
2026-04-25 15:22:00,470 - Bounce Top
2026-04-25 15:22:00,470 - Bounce Top
2026-04-25 15:22:00,470 - Bounce Left
2026-04-25 15:22:00,471 - Bounce Top
2026-04-25 15:22:00,471 - Bounce Top
2026-04-25 15:22:00,471 - Bounce Left
2026-04-25 15:22:00,471 - Bounce Bottom
2026-04-25 15:22:00,472 - Bounce Top
2026-04-25 15:22:00,472 - Bounce Right
2026-04-25 15:22:00,472 - Bounce Bottom
2026-04-25 15:22:00,472 - Bounce Top
2026-04-25 15:22:00,483 - Bounce Left
2026-04-25 15:22:00,484 - Bounce Top
2026-04-25 15:22:00,485 - Bounce Right
2026-04-25 15:22:00,485 - Bounce Bottom
2026-04-25 15:22:00,485 - Bounce Left
2026-04-25 15:22:00,485 - Bounce Top
2026-04-25 15:22:00,486 - Bounce Bottom
2026-04-25 15:22:00,486 - Bounce Top
2026-04-25 15:22:00,487 - Bounce Left
2026-04-25 15:22:00,487 - Bounce Top
2026-04-25 15:22:00,487 - Bounce Top
2026-04-25 15:22:00,487 - Bounce Left
2026-04-25 15:22:00,487 - Bounce Top
2026-04-25 15:22:00,488 - Bounce Top
2026-04-25 15:22:00,488 - Bounce Left
2026-04-25 15:22:00,488 - Bounce Bottom
2026-04-25 15:22:00,488 - Bounce Top
2026-04-25 15:22:00,489 - Bounce Right
2026-04-25 15:22:00,489 - Bounce Bottom
2026-04-25 15:22:00,489 - Bounce Top
2026-04-25 15:22:00,500 - Bounce Left
2026-04-25 15:22:00,503 - Bounce Top
2026-04-25 15:22:00,504 - Bounce Right
2026-04-25 15:22:00,505 - Bounce Bottom
2026-04-25 15:22:00,505 - Bounce Left
2026-04-25 15:22:00,505 - Bounce Top
2026-04-25 15:22:00,505 - Bounce Bottom
2026-04-25 15:22:00,506 - Bounce Top
2026-04-25 15:22:00,506 - Bounce Left
2026-04-25 15:22:00,506 - Bounce Top
2026-04-25 15:22:00,506 - Bounce Top
2026-04-25 15:22:00,507 - Bounce Left
2026-04-25 15:22:00,507 - Bounce Top
2026-04-25 15:22:00,507 - Bounce Top
2026-04-25 15:22:00,507 - Bounce Left
2026-04-25 15:22:00,509 - Bounce Bottom
2026-04-25 15:22:00,509 - Bounce Top
2026-04-25 15:22:00,510 - Bounce Right
2026-04-25 15:22:00,510 - Bounce Bottom
2026-04-25 15:22:00,510 - Bounce Top
2026-04-25 15:22:00,515 - Bounce Left
2026-04-25 15:22:00,515 - Bounce Top
2026-04-25 15:22:00,516 - Bounce Right
2026-04-25 15:22:00,516 - Bounce Bottom
2026-04-25 15:22:00,516 - Bounce Left
2026-04-25 15:22:00,517 - Bounce Top
2026-04-25 15:22:00,517 - Bounce Bottom
2026-04-25 15:22:00,517 - Bounce Top
2026-04-25 15:22:00,518 - Bounce Left
2026-04-25 15:22:00,518 - Bounce Top
2026-04-25 15:22:00,518 - Bounce Top
2026-04-25 15:22:00,518 - Bounce Left
2026-04-25 15:22:00,518 - Bounce Top
2026-04-25 15:22:00,519 - Bounce Top
2026-04-25 15:22:00,519 - Bounce Left
2026-04-25 15:22:00,519 - Bounce Bottom
2026-04-25 15:22:00,519 - Bounce Top
2026-04-25 15:22:00,520 - Bounce Right
2026-04-25 15:22:00,520 - Bounce Bottom
2026-04-25 15:22:00,520 - Bounce Top
2026-04-25 15:22:00,531 - Bounce Left
2026-04-25 15:22:00,532 - Bounce Top
2026-04-25 15:22:00,532 - Bounce Right
2026-04-25 15:22:00,533 - Bounce Bottom
2026-04-25 15:22:00,533 - Bounce Left
2026-04-25 15:22:00,533 - Bounce Top
2026-04-25 15:22:00,533 - Bounce Bottom
2026-04-25 15:22:00,534 - Bounce Top
2026-04-25 15:22:00,534 - Bounce Left
2026-04-25 15:22:00,534 - Bounce Top
2026-04-25 15:22:00,534 - Bounce Top
2026-04-25 15:22:00,535 - Bounce Left
2026-04-25 15:22:00,535 - Bounce Top
2026-04-25 15:22:00,535 - Bounce Top
2026-04-25 15:22:00,535 - Bounce Left
2026-04-25 15:22:00,535 - Bounce Bottom
2026-04-25 15:22:00,536 - Bounce Top
2026-04-25 15:22:00,536 - Bounce Right
2026-04-25 15:22:00,536 - Bounce Bottom
2026-04-25 15:22:00,536 - Bounce Top
2026-04-25 15:22:00,548 - Bounce Left
2026-04-25 15:22:00,549 - Bounce Top
2026-04-25 15:22:00,549 - Bounce Right
2026-04-25 15:22:00,549 - Bounce Bottom
2026-04-25 15:22:00,550 - Bounce Left
2026-04-25 15:22:00,550 - Bounce Top
2026-04-25 15:22:00,550 - Bounce Bottom
2026-04-25 15:22:00,551 - Bounce Top
2026-04-25 15:22:00,551 - Bounce Left
2026-04-25 15:22:00,551 - Bounce Top
2026-04-25 15:22:00,551 - Bounce Top
2026-04-25 15:22:00,551 - Bounce Left
2026-04-25 15:22:00,552 - Bounce Top
2026-04-25 15:22:00,552 - Bounce Top
2026-04-25 15:22:00,552 - Bounce Left
2026-04-25 15:22:00,552 - Bounce Bottom
2026-04-25 15:22:00,553 - Bounce Top
2026-04-25 15:22:00,553 - Bounce Right
2026-04-25 15:22:00,553 - Bounce Bottom
2026-04-25 15:22:00,553 - Bounce Top
2026-04-25 15:22:00,564 - Bounce Left
2026-04-25 15:22:00,565 - Bounce Top
2026-04-25 15:22:00,566 - Bounce Right
2026-04-25 15:22:00,566 - Bounce Bottom
2026-04-25 15:22:00,566 - Bounce Left
2026-04-25 15:22:00,566 - Bounce Top
2026-04-25 15:22:00,567 - Bounce Bottom
2026-04-25 15:22:00,567 - Bounce Top
2026-04-25 15:22:00,567 - Bounce Left
2026-04-25 15:22:00,568 - Bounce Top
2026-04-25 15:22:00,568 - Bounce Top
2026-04-25 15:22:00,568 - Bounce Left
2026-04-25 15:22:00,568 - Bounce Top
2026-04-25 15:22:00,568 - Bounce Top
2026-04-25 15:22:00,569 - Bounce Left
2026-04-25 15:22:00,569 - Bounce Bottom
2026-04-25 15:22:00,569 - Bounce Top
2026-04-25 15:22:00,569 - Bounce Right
2026-04-25 15:22:00,570 - Bounce Bottom
2026-04-25 15:22:00,570 - Bounce Top
2026-04-25 15:22:00,580 - Bounce Left
2026-04-25 15:22:00,581 - Bounce Top
2026-04-25 15:22:00,582 - Bounce Right
2026-04-25 15:22:00,582 - Bounce Bottom
2026-04-25 15:22:00,582 - Bounce Left
2026-04-25 15:22:00,582 - Bounce Top
2026-04-25 15:22:00,582 - Bounce Bottom
2026-04-25 15:22:00,583 - Bounce Bottom
2026-04-25 15:22:00,583 - Bounce Top
2026-04-25 15:22:00,583 - Bounce Left
2026-04-25 15:22:00,583 - Bounce Top
2026-04-25 15:22:00,584 - Bounce Top
2026-04-25 15:22:00,584 - Bounce Left
2026-04-25 15:22:00,584 - Bounce Top
2026-04-25 15:22:00,584 - Bounce Top
2026-04-25 15:22:00,585 - Bounce Left
2026-04-25 15:22:00,585 - Bounce Bottom
2026-04-25 15:22:00,585 - Bounce Top
2026-04-25 15:22:00,585 - Bounce Right
2026-04-25 15:22:00,585 - Bounce Bottom
2026-04-25 15:22:00,586 - Bounce Top
2026-04-25 15:22:00,599 - Bounce Left
2026-04-25 15:22:00,600 - Bounce Top
2026-04-25 15:22:00,600 - Bounce Right
2026-04-25 15:22:00,600 - Bounce Bottom
2026-04-25 15:22:00,601 - Bounce Left
2026-04-25 15:22:00,601 - Bounce Top
2026-04-25 15:22:00,601 - Bounce Bottom
2026-04-25 15:22:00,602 - Bounce Top
2026-04-25 15:22:00,602 - Bounce Left
2026-04-25 15:22:00,602 - Bounce Top
2026-04-25 15:22:00,602 - Bounce Top
2026-04-25 15:22:00,602 - Bounce Left
2026-04-25 15:22:00,603 - Bounce Top
2026-04-25 15:22:00,603 - Bounce Top
2026-04-25 15:22:00,603 - Bounce Left
2026-04-25 15:22:00,603 - Bounce Bottom
2026-04-25 15:22:00,604 - Bounce Top
2026-04-25 15:22:00,604 - Bounce Right
2026-04-25 15:22:00,604 - Bounce Top
2026-04-25 15:22:00,616 - Bounce Left
2026-04-25 15:22:00,616 - Bounce Top
2026-04-25 15:22:00,617 - Bounce Right
2026-04-25 15:22:00,617 - Bounce Bottom
2026-04-25 15:22:00,617 - Bounce Left
2026-04-25 15:22:00,617 - Bounce Top
2026-04-25 15:22:00,618 - Bounce Bottom
2026-04-25 15:22:00,618 - Bounce Top
2026-04-25 15:22:00,619 - Bounce Left
2026-04-25 15:22:00,619 - Bounce Top
2026-04-25 15:22:00,619 - Bounce Top
2026-04-25 15:22:00,619 - Bounce Left
2026-04-25 15:22:00,619 - Bounce Top
2026-04-25 15:22:00,620 - Bounce Top
2026-04-25 15:22:00,620 - Bounce Left
2026-04-25 15:22:00,620 - Bounce Bottom
2026-04-25 15:22:00,620 - Bounce Top
2026-04-25 15:22:00,621 - Bounce Right
2026-04-25 15:22:00,621 - Bounce Top
2026-04-25 15:22:00,684 - Bounce Left
2026-04-25 15:22:00,685 - Bounce Top
2026-04-25 15:22:00,686 - Bounce Right
2026-04-25 15:22:00,686 - Bounce Bottom
2026-04-25 15:22:00,686 - Bounce Left
2026-04-25 15:22:00,687 - Bounce Top
2026-04-25 15:22:00,687 - Bounce Bottom
2026-04-25 15:22:00,688 - Bounce Top
2026-04-25 15:22:00,688 - Bounce Left
2026-04-25 15:22:00,688 - Bounce Top
2026-04-25 15:22:00,689 - Bounce Top
2026-04-25 15:22:00,689 - Bounce Left
2026-04-25 15:22:00,689 - Bounce Top
2026-04-25 15:22:00,689 - Bounce Top
2026-04-25 15:22:00,690 - Bounce Left
2026-04-25 15:22:00,690 - Bounce Bottom
2026-04-25 15:22:00,690 - Bounce Top
2026-04-25 15:22:00,690 - Bounce Right
2026-04-25 15:22:00,691 - Bounce Top
